{"numFailedTestSuites":1,"numFailedTests":4,"numPassedTestSuites":5,"numPassedTests":29,"numPendingTestSuites":0,"numPendingTests":0,"numRuntimeErrorTestSuites":0,"numTodoTests":0,"numTotalTestSuites":6,"numTotalTests":33,"openHandles":[],"snapshot":{"added":0,"didUpdate":false,"failure":false,"filesAdded":0,"filesRemoved":0,"filesRemovedList":[],"filesUnmatched":0,"filesUpdated":0,"matched":0,"total":0,"unchecked":0,"uncheckedKeysByFile":[],"unmatched":0,"updated":0},"startTime":1788364962273,"success":false,"testResults":[{"assertionResults":[{"ancestorTitles":["Home page"],"duration":135,"failing":false,"failureDetails":[],"failureMessages":[],"fullName":"Home page loads the demo applications when storage is empty","invocations":1,"location":null,"numPassingAsserts":3,"retryReasons":[],"startAt":1788364962920,"status":"passed","title":"loads the demo applications when storage is empty"},{"ancestorTitles":["Home page"],"duration":447,"failing":false,"failureDetails":[{"name":"TestingLibraryElementError"}],"failureMessages":["TestingLibraryElementError: Unable to find an accessible element with the role \"textbox\" and name \"Company\"\n\nHere are the accessible roles:\n\n  main:\n\n  Name \"\":\n  \u001b[36m<main\u001b[39m\n    \u001b[33mclass\u001b[39m=\u001b[32m\"conteneur\"\u001b[39m\n  \u001b[36m/>\u001b[39m\n\n  --------------------------------------------------\n  banner:\n\n  Name \"\":\n  \u001b[36m<header\u001b[39m\n    \u001b[33mclass\u001b[39m=\u001b[32m\"page-header\"\u001b[39m\n  \u001b[36m/>\u001b[39m\n\n  --------------------------------------------------\n  heading:\n\n  Name \"Job Tracker\":\n  \u001b[36m<h1\u001b[39m\n    \u001b[33mclass\u001b[39m=\u001b[32m\"main-title\"\u001b[39m\n  \u001b[36m/>\u001b[39m\n\n  Name \"Applications\":\n  \u001b[36m<h2\u001b[39m\n    \u001b[33mclass\u001b[39m=\u001b[32m\"section-title applications-title\"\u001b[39m\n  \u001b[36m/>\u001b[39m\n\n  Name \"Nova Digital\":\n  \u001b[36m<h3 />\u001b[39m\n\n  Name \"Dream startup\":\n  \u001b[36m<h3 />\u001b[39m\n\n  Name \"Tech agency\":\n  \u001b[36m<h3 />\u001b[39m\n\n  Name \"Bright Labs\":\n  \u001b[36m<h3 />\u001b[39m\n\n  Name \"Orbit Systems\":\n  \u001b[36m<h3 />\u001b[39m\n\n  Name \"Northstar Tech\":\n  \u001b[36m<h3 />\u001b[39m\n\n  Name \"PixelForge\":\n  \u001b[36m<h3 />\u001b[39m\n\n  Name \"CloudNest\":\n  \u001b[36m<h3 />\u001b[39m\n\n  Name \"BluePeak\":\n  \u001b[36m<h3 />\u001b[39m\n\n  Name \"Horizon Labs\":\n  \u001b[36m<h3 />\u001b[39m\n\n  --------------------------------------------------\n  button:\n\n  Name \"Add application\":\n  \u001b[36m<button\u001b[39m\n    \u001b[33mclass\u001b[39m=\u001b[32m\"add-application-trigger\"\u001b[39m\n    \u001b[33mtype\u001b[39m=\u001b[32m\"button\"\u001b[39m\n  \u001b[36m/>\u001b[39m\n\n  Name \"Change status for Nova Digital. Current status: todo\":\n  \u001b[36m<button\u001b[39m\n    \u001b[33maria-label\u001b[39m=\u001b[32m\"Change status for Nova Digital. Current status: todo\"\u001b[39m\n    \u001b[33mclass\u001b[39m=\u001b[32m\"status-badge status-todo\"\u001b[39m\n    \u001b[33mtype\u001b[39m=\u001b[32m\"button\"\u001b[39m\n  \u001b[36m/>\u001b[39m\n\n  Name \"Edit Nova Digital\":\n  \u001b[36m<button\u001b[39m\n    \u001b[33maria-label\u001b[39m=\u001b[32m\"Edit Nova Digital\"\u001b[39m\n    \u001b[33mclass\u001b[39m=\u001b[32m\"action-secondary action-icon\"\u001b[39m\n    \u001b[33mtitle\u001b[39m=\u001b[32m\"Edit\"\u001b[39m\n  \u001b[36m/>\u001b[39m\n\n  Name \"Reset status for Nova Digital\":\n  \u001b[36m<button\u001b[39m\n    \u001b[33maria-label\u001b[39m=\u001b[32m\"Reset status for Nova Digital\"\u001b[39m\n    \u001b[33mclass\u001b[39m=\u001b[32m\"action-reset action-icon\"\u001b[39m\n    \u001b[33mtitle\u001b[39m=\u001b[32m\"Reset status\"\u001b[39m\n  \u001b[36m/>\u001b[39m\n\n  Name \"Delete Nova Digital\":\n  \u001b[36m<button\u001b[39m\n    \u001b[33maria-label\u001b[39m=\u001b[32m\"Delete Nova Digital\"\u001b[39m\n    \u001b[33mclass\u001b[39m=\u001b[32m\"danger action-icon\"\u001b[39m\n    \u001b[33mtitle\u001b[39m=\u001b[32m\"Delete\"\u001b[39m\n  \u001b[36m/>\u001b[39m\n\n  Name \"Change status for Dream startup. Current status: applied\":\n  \u001b[36m<button\u001b[39m\n    \u001b[33maria-label\u001b[39m=\u001b[32m\"Change status for Dream startup. Current status: applied\"\u001b[39m\n    \u001b[33mclass\u001b[39m=\u001b[32m\"status-badge status-applied\"\u001b[39m\n    \u001b[33mtype\u001b[39m=\u001b[32m\"button\"\u001b[39m\n  \u001b[36m/>\u001b[39m\n\n  Name \"Show notes for Dream startup\":\n  \u001b[36m<button\u001b[39m\n    \u001b[33maria-label\u001b[39m=\u001b[32m\"Show notes for Dream startup\"\u001b[39m\n    \u001b[33mclass\u001b[39m=\u001b[32m\"notes-button \"\u001b[39m\n    \u001b[33mtype\u001b[39m=\u001b[32m\"button\"\u001b[39m\n  \u001b[36m/>\u001b[39m\n\n  Name \"Edit Dream startup\":\n  \u001b[36m<button\u001b[39m\n    \u001b[33maria-label\u001b[39m=\u001b[32m\"Edit Dream startup\"\u001b[39m\n    \u001b[33mclass\u001b[39m=\u001b[32m\"action-secondary action-icon\"\u001b[39m\n    \u001b[33mtitle\u001b[39m=\u001b[32m\"Edit\"\u001b[39m\n  \u001b[36m/>\u001b[39m\n\n  Name \"Reset status for Dream startup\":\n  \u001b[36m<button\u001b[39m\n    \u001b[33maria-label\u001b[39m=\u001b[32m\"Reset status for Dream startup\"\u001b[39m\n    \u001b[33mclass\u001b[39m=\u001b[32m\"action-reset action-icon\"\u001b[39m\n    \u001b[33mtitle\u001b[39m=\u001b[32m\"Reset status\"\u001b[39m\n  \u001b[36m/>\u001b[39m\n\n  Name \"Delete Dream startup\":\n  \u001b[36m<button\u001b[39m\n    \u001b[33maria-label\u001b[39m=\u001b[32m\"Delete Dream startup\"\u001b[39m\n    \u001b[33mclass\u001b[39m=\u001b[32m\"danger action-icon\"\u001b[39m\n    \u001b[33mtitle\u001b[39m=\u001b[32m\"Delete\"\u001b[39m\n  \u001b[36m/>\u001b[39m\n\n  Name \"Change status for Tech agency. Current status: interview\":\n  \u001b[36m<button\u001b[39m\n    \u001b[33maria-label\u001b[39m=\u001b[32m\"Change status for Tech agency. Current status: interview\"\u001b[39m\n    \u001b[33mclass\u001b[39m=\u001b[32m\"status-badge status-interview\"\u001b[39m\n    \u001b[33mtype\u001b[39m=\u001b[32m\"button\"\u001b[39m\n  \u001b[36m/>\u001b[39m\n\n  Name \"Show notes for Tech agency\":\n  \u001b[36m<button\u001b[39m\n    \u001b[33maria-label\u001b[39m=\u001b[32m\"Show notes for Tech agency\"\u001b[39m\n    \u001b[33mclass\u001b[39m=\u001b[32m\"notes-button \"\u001b[39m\n    \u001b[33mtype\u001b[39m=\u001b[32m\"button\"\u001b[39m\n  \u001b[36m/>\u001b[39m\n\n  Name \"Edit Tech agency\":\n  \u001b[36m<button\u001b[39m\n    \u001b[33maria-label\u001b[39m=\u001b[32m\"Edit Tech agency\"\u001b[39m\n    \u001b[33mclass\u001b[39m=\u001b[32m\"action-secondary action-icon\"\u001b[39m\n    \u001b[33mtitle\u001b[39m=\u001b[32m\"Edit\"\u001b[39m\n  \u001b[36m/>\u001b[39m\n\n  Name \"Reset status for Tech agency\":\n  \u001b[36m<button\u001b[39m\n    \u001b[33maria-label\u001b[39m=\u001b[32m\"Reset status for Tech agency\"\u001b[39m\n    \u001b[33mclass\u001b[39m=\u001b[32m\"action-reset action-icon\"\u001b[39m\n    \u001b[33mtitle\u001b[39m=\u001b[32m\"Reset status\"\u001b[39m\n  \u001b[36m/>\u001b[39m\n\n  Name \"Delete Tech agency\":\n  \u001b[36m<button\u001b[39m\n    \u001b[33maria-label\u001b[39m=\u001b[32m\"Delete Tech agency\"\u001b[39m\n    \u001b[33mclass\u001b[39m=\u001b[32m\"danger action-icon\"\u001b[39m\n    \u001b[33mtitle\u001b[39m=\u001b[32m\"Delete\"\u001b[39m\n  \u001b[36m/>\u001b[39m\n\n  Name \"Change status for Bright Labs. Current status: applied\":\n  \u001b[36m<button\u001b[39m\n    \u001b[33maria-label\u001b[39m=\u001b[32m\"Change status for Bright Labs. Current status: applied\"\u001b[39m\n    \u001b[33mclass\u001b[39m=\u001b[32m\"status-badge status-applied\"\u001b[39m\n    \u001b[33mtype\u001b[39m=\u001b[32m\"button\"\u001b[39m\n  \u001b[36m/>\u001b[39m\n\n  Name \"Show notes for Bright Labs\":\n  \u001b[36m<button\u001b[39m\n    \u001b[33maria-label\u001b[39m=\u001b[32m\"Show notes for Bright Labs\"\u001b[39m\n    \u001b[33mclass\u001b[39m=\u001b[32m\"notes-button \"\u001b[39m\n    \u001b[33mtype\u001b[39m=\u001b[32m\"button\"\u001b[39m\n  \u001b[36m/>\u001b[39m\n\n  Name \"Edit Bright Labs\":\n  \u001b[36m<button\u001b[39m\n    \u001b[33maria-label\u001b[39m=\u001b[32m\"Edit Bright Labs\"\u001b[39m\n    \u001b[33mclass\u001b[39m=\u001b[32m\"action-secondary action-icon\"\u001b[39m\n    \u001b[33mtitle\u001b[39m=\u001b[32m\"Edit\"\u001b[39m\n  \u001b[36m/>\u001b[39m\n\n  Name \"Reset status for Bright Labs\":\n  \u001b[36m<button\u001b[39m\n    \u001b[33maria-label\u001b[39m=\u001b[32m\"Reset status for Bright Labs\"\u001b[39m\n    \u001b[33mclass\u001b[39m=\u001b[32m\"action-reset action-icon\"\u001b[39m\n    \u001b[33mtitle\u001b[39m=\u001b[32m\"Reset status\"\u001b[39m\n  \u001b[36m/>\u001b[39m\n\n  Name \"Delete Bright Labs\":\n  \u001b[36m<button\u001b[39m\n    \u001b[33maria-label\u001b[39m=\u001b[32m\"Delete Bright Labs\"\u001b[39m\n    \u001b[33mclass\u001b[39m=\u001b[32m\"danger action-icon\"\u001b[39m\n    \u001b[33mtitle\u001b[39m=\u001b[32m\"Delete\"\u001b[39m\n  \u001b[36m/>\u001b[39m\n\n  Name \"Change status for Orbit Systems. Current status: applied\":\n  \u001b[36m<button\u001b[39m\n    \u001b[33maria-label\u001b[39m=\u001b[32m\"Change status for Orbit Systems. Current status: applied\"\u001b[39m\n    \u001b[33mclass\u001b[39m=\u001b[32m\"status-badge status-applied\"\u001b[39m\n    \u001b[33mtype\u001b[39m=\u001b[32m\"button\"\u001b[39m\n  \u001b[36m/>\u001b[39m\n\n  Name \"Edit Orbit Systems\":\n  \u001b[36m<button\u001b[39m\n    \u001b[33maria-label\u001b[39m=\u001b[32m\"Edit Orbit Systems\"\u001b[39m\n    \u001b[33mclass\u001b[39m=\u001b[32m\"action-secondary action-icon\"\u001b[39m\n    \u001b[33mtitle\u001b[39m=\u001b[32m\"Edit\"\u001b[39m\n  \u001b[36m/>\u001b[39m\n\n  Name \"Reset status for Orbit Systems\":\n  \u001b[36m<button\u001b[39m\n    \u001b[33maria-label\u001b[39m=\u001b[32m\"Reset status for Orbit Systems\"\u001b[39m\n    \u001b[33mclass\u001b[39m=\u001b[32m\"action-reset action-icon\"\u001b[39m\n    \u001b[33mtitle\u001b[39m=\u001b[32m\"Reset status\"\u001b[39m\n  \u001b[36m/>\u001b[39m\n\n  Name \"Delete Orbit Systems\":\n  \u001b[36m<button\u001b[39m\n    \u001b[33maria-label\u001b[39m=\u001b[32m\"Delete Orbit Systems\"\u001b[39m\n    \u001b[33mclass\u001b[39m=\u001b[32m\"danger action-icon\"\u001b[39m\n    \u001b[33mtitle\u001b[39m=\u001b[32m\"Delete\"\u001b[39m\n  \u001b[36m/>\u001b[39m\n\n  Name \"Change status for Northstar Tech. Current status: interview\":\n  \u001b[36m<button\u001b[39m\n    \u001b[33maria-label\u001b[39m=\u001b[32m\"Change status for Northstar Tech. Current status: interview\"\u001b[39m\n    \u001b[33mclass\u001b[39m=\u001b[32m\"status-badge status-interview\"\u001b[39m\n    \u001b[33mtype\u001b[39m=\u001b[32m\"button\"\u001b[39m\n  \u001b[36m/>\u001b[39m\n\n  Name \"Show notes for Northstar Tech\":\n  \u001b[36m<button\u001b[39m\n    \u001b[33maria-label\u001b[39m=\u001b[32m\"Show notes for Northstar Tech\"\u001b[39m\n    \u001b[33mclass\u001b[39m=\u001b[32m\"notes-button \"\u001b[39m\n    \u001b[33mtype\u001b[39m=\u001b[32m\"button\"\u001b[39m\n  \u001b[36m/>\u001b[39m\n\n  Name \"Edit Northstar Tech\":\n  \u001b[36m<button\u001b[39m\n    \u001b[33maria-label\u001b[39m=\u001b[32m\"Edit Northstar Tech\"\u001b[39m\n    \u001b[33mclass\u001b[39m=\u001b[32m\"action-secondary action-icon\"\u001b[39m\n    \u001b[33mtitle\u001b[39m=\u001b[32m\"Edit\"\u001b[39m\n  \u001b[36m/>\u001b[39m\n\n  Name \"Reset status for Northstar Tech\":\n  \u001b[36m<button\u001b[39m\n    \u001b[33maria-label\u001b[39m=\u001b[32m\"Reset status for Northstar Tech\"\u001b[39m\n    \u001b[33mclass\u001b[39m=\u001b[32m\"action-reset action-icon\"\u001b[39m\n    \u001b[33mtitle\u001b[39m=\u001b[32m\"Reset status\"\u001b[39m\n  \u001b[36m/>\u001b[39m\n\n  Name \"Delete Northstar Tech\":\n  \u001b[36m<button\u001b[39m\n    \u001b[33maria-label\u001b[39m=\u001b[32m\"Delete Northstar Tech\"\u001b[39m\n    \u001b[33mclass\u001b[39m=\u001b[32m\"danger action-icon\"\u001b[39m\n    \u001b[33mtitle\u001b[39m=\u001b[32m\"Delete\"\u001b[39m\n  \u001b[36m/>\u001b[39m\n\n  Name \"Change status for PixelForge. Current status: todo\":\n  \u001b[36m<button\u001b[39m\n    \u001b[33maria-label\u001b[39m=\u001b[32m\"Change status for PixelForge. Current status: todo\"\u001b[39m\n    \u001b[33mclass\u001b[39m=\u001b[32m\"status-badge status-todo\"\u001b[39m\n    \u001b[33mtype\u001b[39m=\u001b[32m\"button\"\u001b[39m\n  \u001b[36m/>\u001b[39m\n\n  Name \"Edit PixelForge\":\n  \u001b[36m<button\u001b[39m\n    \u001b[33maria-label\u001b[39m=\u001b[32m\"Edit PixelForge\"\u001b[39m\n    \u001b[33mclass\u001b[39m=\u001b[32m\"action-secondary action-icon\"\u001b[39m\n    \u001b[33mtitle\u001b[39m=\u001b[32m\"Edit\"\u001b[39m\n  \u001b[36m/>\u001b[39m\n\n  Name \"Reset status for PixelForge\":\n  \u001b[36m<button\u001b[39m\n    \u001b[33maria-label\u001b[39m=\u001b[32m\"Reset status for PixelForge\"\u001b[39m\n    \u001b[33mclass\u001b[39m=\u001b[32m\"action-reset action-icon\"\u001b[39m\n    \u001b[33mtitle\u001b[39m=\u001b[32m\"Reset status\"\u001b[39m\n  \u001b[36m/>\u001b[39m\n\n  Name \"Delete PixelForge\":\n  \u001b[36m<button\u001b[39m\n    \u001b[33maria-label\u001b[39m=\u001b[32m\"Delete PixelForge\"\u001b[39m\n    \u001b[33mclass\u001b[39m=\u001b[32m\"danger action-icon\"\u001b[39m\n    \u001b[33mtitle\u001b[39m=\u001b[32m\"Delete\"\u001b[39m\n  \u001b[36m/>\u001b[39m\n\n  Name \"Change status for CloudNest. Current status: rejected\":\n  \u001b[36m<button\u001b[39m\n    \u001b[33maria-label\u001b[39m=\u001b[32m\"Change status for CloudNest. Current status: rejected\"\u001b[39m\n    \u001b[33mclass\u001b[39m=\u001b[32m\"status-badge status-rejected\"\u001b[39m\n    \u001b[33mtype\u001b[39m=\u001b[32m\"button\"\u001b[39m\n  \u001b[36m/>\u001b[39m\n\n  Name \"Show notes for CloudNest\":\n  \u001b[36m<button\u001b[39m\n    \u001b[33maria-label\u001b[39m=\u001b[32m\"Show notes for CloudNest\"\u001b[39m\n    \u001b[33mclass\u001b[39m=\u001b[32m\"notes-button \"\u001b[39m\n    \u001b[33mtype\u001b[39m=\u001b[32m\"button\"\u001b[39m\n  \u001b[36m/>\u001b[39m\n\n  Name \"Edit CloudNest\":\n  \u001b[36m<button\u001b[39m\n    \u001b[33maria-label\u001b[39m=\u001b[32m\"Edit CloudNest\"\u001b[39m\n    \u001b[33mclass\u001b[39m=\u001b[32m\"action-secondary action-icon\"\u001b[39m\n    \u001b[33mtitle\u001b[39m=\u001b[32m\"Edit\"\u001b[39m\n  \u001b[36m/>\u001b[39m\n\n  Name \"Reset status for CloudNest\":\n  \u001b[36m<button\u001b[39m\n    \u001b[33maria-label\u001b[39m=\u001b[32m\"Reset status for CloudNest\"\u001b[39m\n    \u001b[33mclass\u001b[39m=\u001b[32m\"action-reset action-icon\"\u001b[39m\n    \u001b[33mtitle\u001b[39m=\u001b[32m\"Reset status\"\u001b[39m\n  \u001b[36m/>\u001b[39m\n\n  Name \"Delete CloudNest\":\n  \u001b[36m<button\u001b[39m\n    \u001b[33maria-label\u001b[39m=\u001b[32m\"Delete CloudNest\"\u001b[39m\n    \u001b[33mclass\u001b[39m=\u001b[32m\"danger action-icon\"\u001b[39m\n    \u001b[33mtitle\u001b[39m=\u001b[32m\"Delete\"\u001b[39m\n  \u001b[36m/>\u001b[39m\n\n  Name \"Change status for BluePeak. Current status: applied\":\n  \u001b[36m<button\u001b[39m\n    \u001b[33maria-label\u001b[39m=\u001b[32m\"Change status for BluePeak. Current status: applied\"\u001b[39m\n    \u001b[33mclass\u001b[39m=\u001b[32m\"status-badge status-applied\"\u001b[39m\n    \u001b[33mtype\u001b[39m=\u001b[32m\"button\"\u001b[39m\n  \u001b[36m/>\u001b[39m\n\n  Name \"Edit BluePeak\":\n  \u001b[36m<button\u001b[39m\n    \u001b[33maria-label\u001b[39m=\u001b[32m\"Edit BluePeak\"\u001b[39m\n    \u001b[33mclass\u001b[39m=\u001b[32m\"action-secondary action-icon\"\u001b[39m\n    \u001b[33mtitle\u001b[39m=\u001b[32m\"Edit\"\u001b[39m\n  \u001b[36m/>\u001b[39m\n\n  Name \"Reset status for BluePeak\":\n  \u001b[36m<button\u001b[39m\n    \u001b[33maria-label\u001b[39m=\u001b[32m\"Reset status for BluePeak\"\u001b[39m\n    \u001b[33mclass\u001b[39m=\u001b[32m\"action-reset action-icon\"\u001b[39m\n    \u001b[33mtitle\u001b[39m=\u001b[32m\"Reset status\"\u001b[39m\n  \u001b[36m/>\u001b[39m\n\n  Name \"Delete BluePeak\":\n  \u001b[36m<button\u001b[39m\n    \u001b[33maria-label\u001b[39m=\u001b[32m\"Delete BluePeak\"\u001b[39m\n    \u001b[33mclass\u001b[39m=\u001b[32m\"danger action-icon\"\u001b[39m\n    \u001b[33mtitle\u001b[39m=\u001b[32m\"Delete\"\u001b[39m\n  \u001b[36m/>\u001b[39m\n\n  Name \"Change status for Horizon Labs. Current status: rejected\":\n  \u001b[36m<button\u001b[39m\n    \u001b[33maria-label\u001b[39m=\u001b[32m\"Change status for Horizon Labs. Current status: rejected\"\u001b[39m\n    \u001b[33mclass\u001b[39m=\u001b[32m\"status-badge status-rejected\"\u001b[39m\n    \u001b[33mtype\u001b[39m=\u001b[32m\"button\"\u001b[39m\n  \u001b[36m/>\u001b[39m\n\n  Name \"Show notes for Horizon Labs\":\n  \u001b[36m<button\u001b[39m\n    \u001b[33maria-label\u001b[39m=\u001b[32m\"Show notes for Horizon Labs\"\u001b[39m\n    \u001b[33mclass\u001b[39m=\u001b[32m\"notes-button \"\u001b[39m\n    \u001b[33mtype\u001b[39m=\u001b[32m\"button\"\u001b[39m\n  \u001b[36m/>\u001b[39m\n\n  Name \"Edit Horizon Labs\":\n  \u001b[36m<button\u001b[39m\n    \u001b[33maria-label\u001b[39m=\u001b[32m\"Edit Horizon Labs\"\u001b[39m\n    \u001b[33mclass\u001b[39m=\u001b[32m\"action-secondary action-icon\"\u001b[39m\n    \u001b[33mtitle\u001b[39m=\u001b[32m\"Edit\"\u001b[39m\n  \u001b[36m/>\u001b[39m\n\n  Name \"Reset status for Horizon Labs\":\n  \u001b[36m<button\u001b[39m\n    \u001b[33maria-label\u001b[39m=\u001b[32m\"Reset status for Horizon Labs\"\u001b[39m\n    \u001b[33mclass\u001b[39m=\u001b[32m\"action-reset action-icon\"\u001b[39m\n    \u001b[33mtitle\u001b[39m=\u001b[32m\"Reset status\"\u001b[39m\n  \u001b[36m/>\u001b[39m\n\n  Name \"Delete Horizon Labs\":\n  \u001b[36m<button\u001b[39m\n    \u001b[33maria-label\u001b[39m=\u001b[32m\"Delete Horizon Labs\"\u001b[39m\n    \u001b[33mclass\u001b[39m=\u001b[32m\"danger action-icon\"\u001b[39m\n    \u001b[33mtitle\u001b[39m=\u001b[32m\"Delete\"\u001b[39m\n  \u001b[36m/>\u001b[39m\n\n  Name \"Change status for Nova Digital. Current status: todo\":\n  \u001b[36m<button\u001b[39m\n    \u001b[33maria-label\u001b[39m=\u001b[32m\"Change status for Nova Digital. Current status: todo\"\u001b[39m\n    \u001b[33mclass\u001b[39m=\u001b[32m\"status-badge status-todo\"\u001b[39m\n    \u001b[33mtype\u001b[39m=\u001b[32m\"button\"\u001b[39m\n  \u001b[36m/>\u001b[39m\n\n  Name \"Edit\":\n  \u001b[36m<button\u001b[39m\n    \u001b[33mclass\u001b[39m=\u001b[32m\"action-secondary\"\u001b[39m\n  \u001b[36m/>\u001b[39m\n\n  Name \"Reset\":\n  \u001b[36m<button\u001b[39m\n    \u001b[33mclass\u001b[39m=\u001b[32m\"action-reset\"\u001b[39m\n  \u001b[36m/>\u001b[39m\n\n  Name \"Delete\":\n  \u001b[36m<button\u001b[39m\n    \u001b[33mclass\u001b[39m=\u001b[32m\"danger\"\u001b[39m\n  \u001b[36m/>\u001b[39m\n\n  Name \"Change status for Dream startup. Current status: applied\":\n  \u001b[36m<button\u001b[39m\n    \u001b[33maria-label\u001b[39m=\u001b[32m\"Change status for Dream startup. Current status: applied\"\u001b[39m\n    \u001b[33mclass\u001b[39m=\u001b[32m\"status-badge status-applied\"\u001b[39m\n    \u001b[33mtype\u001b[39m=\u001b[32m\"button\"\u001b[39m\n  \u001b[36m/>\u001b[39m\n\n  Name \"Edit\":\n  \u001b[36m<button\u001b[39m\n    \u001b[33mclass\u001b[39m=\u001b[32m\"action-secondary\"\u001b[39m\n  \u001b[36m/>\u001b[39m\n\n  Name \"Reset\":\n  \u001b[36m<button\u001b[39m\n    \u001b[33mclass\u001b[39m=\u001b[32m\"action-reset\"\u001b[39m\n  \u001b[36m/>\u001b[39m\n\n  Name \"Delete\":\n  \u001b[36m<button\u001b[39m\n    \u001b[33mclass\u001b[39m=\u001b[32m\"danger\"\u001b[39m\n  \u001b[36m/>\u001b[39m\n\n  Name \"Change status for Tech agency. Current status: interview\":\n  \u001b[36m<button\u001b[39m\n    \u001b[33maria-label\u001b[39m=\u001b[32m\"Change status for Tech agency. Current status: interview\"\u001b[39m\n    \u001b[33mclass\u001b[39m=\u001b[32m\"status-badge status-interview\"\u001b[39m\n    \u001b[33mtype\u001b[39m=\u001b[32m\"button\"\u001b[39m\n  \u001b[36m/>\u001b[39m\n\n  Name \"Edit\":\n  \u001b[36m<button\u001b[39m\n    \u001b[33mclass\u001b[39m=\u001b[32m\"action-secondary\"\u001b[39m\n  \u001b[36m/>\u001b[39m\n\n  Name \"Reset\":\n  \u001b[36m<button\u001b[39m\n    \u001b[33mclass\u001b[39m=\u001b[32m\"action-reset\"\u001b[39m\n  \u001b[36m/>\u001b[39m\n\n  Name \"Delete\":\n  \u001b[36m<button\u001b[39m\n    \u001b[33mclass\u001b[39m=\u001b[32m\"danger\"\u001b[39m\n  \u001b[36m/>\u001b[39m\n\n  Name \"Change status for Bright Labs. Current status: applied\":\n  \u001b[36m<button\u001b[39m\n    \u001b[33maria-label\u001b[39m=\u001b[32m\"Change status for Bright Labs. Current status: applied\"\u001b[39m\n    \u001b[33mclass\u001b[39m=\u001b[32m\"status-badge status-applied\"\u001b[39m\n    \u001b[33mtype\u001b[39m=\u001b[32m\"button\"\u001b[39m\n  \u001b[36m/>\u001b[39m\n\n  Name \"Edit\":\n  \u001b[36m<button\u001b[39m\n    \u001b[33mclass\u001b[39m=\u001b[32m\"action-secondary\"\u001b[39m\n  \u001b[36m/>\u001b[39m\n\n  Name \"Reset\":\n  \u001b[36m<button\u001b[39m\n    \u001b[33mclass\u001b[39m=\u001b[32m\"action-reset\"\u001b[39m\n  \u001b[36m/>\u001b[39m\n\n  Name \"Delete\":\n  \u001b[36m<button\u001b[39m\n    \u001b[33mclass\u001b[39m=\u001b[32m\"danger\"\u001b[39m\n  \u001b[36m/>\u001b[39m\n\n  Name \"Change status for Orbit Systems. Current status: applied\":\n  \u001b[36m<button\u001b[39m\n    \u001b[33maria-label\u001b[39m=\u001b[32m\"Change status for Orbit Systems. Current status: applied\"\u001b[39m\n    \u001b[33mclass\u001b[39m=\u001b[32m\"status-badge status-applied\"\u001b[39m\n    \u001b[33mtype\u001b[39m=\u001b[32m\"button\"\u001b[39m\n  \u001b[36m/>\u001b[39m\n\n  Name \"Edit\":\n  \u001b[36m<button\u001b[39m\n    \u001b[33mclass\u001b[39m=\u001b[32m\"action-secondary\"\u001b[39m\n  \u001b[36m/>\u001b[39m\n\n  Name \"Reset\":\n  \u001b[36m<button\u001b[39m\n    \u001b[33mclass\u001b[39m=\u001b[32m\"action-reset\"\u001b[39m\n  \u001b[36m/>\u001b[39m\n\n  Name \"Delete\":\n  \u001b[36m<button\u001b[39m\n    \u001b[33mclass\u001b[39m=\u001b[32m\"danger\"\u001b[39m\n  \u001b[36m/>\u001b[39m\n\n  Name \"Change status for Northstar Tech. Current status: interview\":\n  \u001b[36m<button\u001b[39m\n    \u001b[33maria-label\u001b[39m=\u001b[32m\"Change status for Northstar Tech. Current status: interview\"\u001b[39m\n    \u001b[33mclass\u001b[39m=\u001b[32m\"status-badge status-interview\"\u001b[39m\n    \u001b[33mtype\u001b[39m=\u001b[32m\"button\"\u001b[39m\n  \u001b[36m/>\u001b[39m\n\n  Name \"Edit\":\n  \u001b[36m<button\u001b[39m\n    \u001b[33mclass\u001b[39m=\u001b[32m\"action-secondary\"\u001b[39m\n  \u001b[36m/>\u001b[39m\n\n  Name \"Reset\":\n  \u001b[36m<button\u001b[39m\n    \u001b[33mclass\u001b[39m=\u001b[32m\"action-reset\"\u001b[39m\n  \u001b[36m/>\u001b[39m\n\n  Name \"Delete\":\n  \u001b[36m<button\u001b[39m\n    \u001b[33mclass\u001b[39m=\u001b[32m\"danger\"\u001b[39m\n  \u001b[36m/>\u001b[39m\n\n  Name \"Change status for PixelForge. Current status: todo\":\n  \u001b[36m<button\u001b[39m\n    \u001b[33maria-label\u001b[39m=\u001b[32m\"Change status for PixelForge. Current status: todo\"\u001b[39m\n    \u001b[33mclass\u001b[39m=\u001b[32m\"status-badge status-todo\"\u001b[39m\n    \u001b[33mtype\u001b[39m=\u001b[32m\"button\"\u001b[39m\n  \u001b[36m/>\u001b[39m\n\n  Name \"Edit\":\n  \u001b[36m<button\u001b[39m\n    \u001b[33mclass\u001b[39m=\u001b[32m\"action-secondary\"\u001b[39m\n  \u001b[36m/>\u001b[39m\n\n  Name \"Reset\":\n  \u001b[36m<button\u001b[39m\n    \u001b[33mclass\u001b[39m=\u001b[32m\"action-reset\"\u001b[39m\n  \u001b[36m/>\u001b[39m\n\n  Name \"Delete\":\n  \u001b[36m<button\u001b[39m\n    \u001b[33mclass\u001b[39m=\u001b[32m\"danger\"\u001b[39m\n  \u001b[36m/>\u001b[39m\n\n  Name \"Change status for CloudNest. Current status: rejected\":\n  \u001b[36m<button\u001b[39m\n    \u001b[33maria-label\u001b[39m=\u001b[32m\"Change status for CloudNest. Current status: rejected\"\u001b[39m\n    \u001b[33mclass\u001b[39m=\u001b[32m\"status-badge status-rejected\"\u001b[39m\n    \u001b[33mtype\u001b[39m=\u001b[32m\"button\"\u001b[39m\n  \u001b[36m/>\u001b[39m\n\n  Name \"Edit\":\n  \u001b[36m<button\u001b[39m\n    \u001b[33mclass\u001b[39m=\u001b[32m\"action-secondary\"\u001b[39m\n  \u001b[36m/>\u001b[39m\n\n  Name \"Reset\":\n  \u001b[36m<button\u001b[39m\n    \u001b[33mclass\u001b[39m=\u001b[32m\"action-reset\"\u001b[39m\n  \u001b[36m/>\u001b[39m\n\n  Name \"Delete\":\n  \u001b[36m<button\u001b[39m\n    \u001b[33mclass\u001b[39m=\u001b[32m\"danger\"\u001b[39m\n  \u001b[36m/>\u001b[39m\n\n  Name \"Change status for BluePeak. Current status: applied\":\n  \u001b[36m<button\u001b[39m\n    \u001b[33maria-label\u001b[39m=\u001b[32m\"Change status for BluePeak. Current status: applied\"\u001b[39m\n    \u001b[33mclass\u001b[39m=\u001b[32m\"status-badge status-applied\"\u001b[39m\n    \u001b[33mtype\u001b[39m=\u001b[32m\"button\"\u001b[39m\n  \u001b[36m/>\u001b[39m\n\n  Name \"Edit\":\n  \u001b[36m<button\u001b[39m\n    \u001b[33mclass\u001b[39m=\u001b[32m\"action-secondary\"\u001b[39m\n  \u001b[36m/>\u001b[39m\n\n  Name \"Reset\":\n  \u001b[36m<button\u001b[39m\n    \u001b[33mclass\u001b[39m=\u001b[32m\"action-reset\"\u001b[39m\n  \u001b[36m/>\u001b[39m\n\n  Name \"Delete\":\n  \u001b[36m<button\u001b[39m\n    \u001b[33mclass\u001b[39m=\u001b[32m\"danger\"\u001b[39m\n  \u001b[36m/>\u001b[39m\n\n  Name \"Change status for Horizon Labs. Current status: rejected\":\n  \u001b[36m<button\u001b[39m\n    \u001b[33maria-label\u001b[39m=\u001b[32m\"Change status for Horizon Labs. Current status: rejected\"\u001b[39m\n    \u001b[33mclass\u001b[39m=\u001b[32m\"status-badge status-rejected\"\u001b[39m\n    \u001b[33mtype\u001b[39m=\u001b[32m\"button\"\u001b[39m\n  \u001b[36m/>\u001b[39m\n\n  Name \"Edit\":\n  \u001b[36m<button\u001b[39m\n    \u001b[33mclass\u001b[39m=\u001b[32m\"action-secondary\"\u001b[39m\n  \u001b[36m/>\u001b[39m\n\n  Name \"Reset\":\n  \u001b[36m<button\u001b[39m\n    \u001b[33mclass\u001b[39m=\u001b[32m\"action-reset\"\u001b[39m\n  \u001b[36m/>\u001b[39m\n\n  Name \"Delete\":\n  \u001b[36m<button\u001b[39m\n    \u001b[33mclass\u001b[39m=\u001b[32m\"danger\"\u001b[39m\n  \u001b[36m/>\u001b[39m\n\n  --------------------------------------------------\n  textbox:\n\n  Name \"Search applications\":\n  \u001b[36m<input\u001b[39m\n    \u001b[33maria-label\u001b[39m=\u001b[32m\"Search applications\"\u001b[39m\n    \u001b[33mclass\u001b[39m=\u001b[32m\"search-input\"\u001b[39m\n    \u001b[33mplaceholder\u001b[39m=\u001b[32m\"Search company or position...\"\u001b[39m\n    \u001b[33mtype\u001b[39m=\u001b[32m\"text\"\u001b[39m\n    \u001b[33mvalue\u001b[39m=\u001b[32m\"\"\u001b[39m\n  \u001b[36m/>\u001b[39m\n\n  --------------------------------------------------\n  combobox:\n\n  Name \"Filter applications by status\":\n  \u001b[36m<select\u001b[39m\n    \u001b[33maria-label\u001b[39m=\u001b[32m\"Filter applications by status\"\u001b[39m\n    \u001b[33mclass\u001b[39m=\u001b[32m\"status-filter\"\u001b[39m\n  \u001b[36m/>\u001b[39m\n\n  Name \"Filter applications by follow-up\":\n  \u001b[36m<select\u001b[39m\n    \u001b[33maria-label\u001b[39m=\u001b[32m\"Filter applications by follow-up\"\u001b[39m\n    \u001b[33mclass\u001b[39m=\u001b[32m\"status-filter\"\u001b[39m\n  \u001b[36m/>\u001b[39m\n\n  --------------------------------------------------\n  option:\n\n  Name \"All statuses\":\n  \u001b[36m<option\u001b[39m\n    \u001b[33mvalue\u001b[39m=\u001b[32m\"all\"\u001b[39m\n  \u001b[36m/>\u001b[39m\n\n  Name \"Todo\":\n  \u001b[36m<option\u001b[39m\n    \u001b[33mvalue\u001b[39m=\u001b[32m\"todo\"\u001b[39m\n  \u001b[36m/>\u001b[39m\n\n  Name \"Applied\":\n  \u001b[36m<option\u001b[39m\n    \u001b[33mvalue\u001b[39m=\u001b[32m\"applied\"\u001b[39m\n  \u001b[36m/>\u001b[39m\n\n  Name \"Interview\":\n  \u001b[36m<option\u001b[39m\n    \u001b[33mvalue\u001b[39m=\u001b[32m\"interview\"\u001b[39m\n  \u001b[36m/>\u001b[39m\n\n  Name \"Rejected\":\n  \u001b[36m<option\u001b[39m\n    \u001b[33mvalue\u001b[39m=\u001b[32m\"rejected\"\u001b[39m\n  \u001b[36m/>\u001b[39m\n\n  Name \"All follow-ups\":\n  \u001b[36m<option\u001b[39m\n    \u001b[33mvalue\u001b[39m=\u001b[32m\"all\"\u001b[39m\n  \u001b[36m/>\u001b[39m\n\n  Name \"Upcoming\":\n  \u001b[36m<option\u001b[39m\n    \u001b[33mvalue\u001b[39m=\u001b[32m\"upcoming\"\u001b[39m\n  \u001b[36m/>\u001b[39m\n\n  Name \"Today\":\n  \u001b[36m<option\u001b[39m\n    \u001b[33mvalue\u001b[39m=\u001b[32m\"today\"\u001b[39m\n  \u001b[36m/>\u001b[39m\n\n  Name \"Overdue\":\n  \u001b[36m<option\u001b[39m\n    \u001b[33mvalue\u001b[39m=\u001b[32m\"overdue\"\u001b[39m\n  \u001b[36m/>\u001b[39m\n\n  Name \"No date\":\n  \u001b[36m<option\u001b[39m\n    \u001b[33mvalue\u001b[39m=\u001b[32m\"no-date\"\u001b[39m\n  \u001b[36m/>\u001b[39m\n\n  --------------------------------------------------\n  strong:\n\n  Name \"\":\n  \u001b[36m<strong />\u001b[39m\n\n  --------------------------------------------------\n  table:\n\n  Name \"\":\n  \u001b[36m<table />\u001b[39m\n\n  --------------------------------------------------\n  rowgroup:\n\n  Name \"\":\n  \u001b[36m<thead />\u001b[39m\n\n  Name \"\":\n  \u001b[36m<tbody />\u001b[39m\n\n  --------------------------------------------------\n  row:\n\n  Name \"Company ↕ Position ↕ Status ↕ Date ↕ Follow-up ↕ Notes Offer Actions\":\n  \u001b[36m<tr />\u001b[39m\n\n  Name \"Nova Digital Frontend Developer todo 31/08/26 09/09/26 No notes Open job offer for Nova Digital\":\n  \u001b[36m<tr />\u001b[39m\n\n  Name \"Dream startup React Developer applied 28/08/26 02/09/26 No offer link\":\n  \u001b[36m<tr />\u001b[39m\n\n  Name \"Tech agency Next.js Developer interview 24/08/26 07/10/26 Open job offer for Tech agency\":\n  \u001b[36m<tr />\u001b[39m\n\n  Name \"Bright Labs React Developer applied 21/08/26 29/08/26 Open job offer for Bright Labs\":\n  \u001b[36m<tr />\u001b[39m\n\n  Name \"Orbit Systems Frontend Engineer applied 26/08/26 06/09/26 No notes No offer link\":\n  \u001b[36m<tr />\u001b[39m\n\n  Name \"Northstar Tech TypeScript Developer interview 19/08/26 23/09/26 Open job offer for Northstar Tech\":\n  \u001b[36m<tr />\u001b[39m\n\n  Name \"PixelForge UI Developer todo 01/09/26 No date No notes Open job offer for PixelForge\":\n  \u001b[36m<tr />\u001b[39m\n\n  Name \"CloudNest React Engineer rejected 09/08/26 No date No offer link\":\n  \u001b[36m<tr />\u001b[39m\n\n  Name \"BluePeak React TypeScript Developer applied 23/08/26 12/09/26 No notes Open job offer for BluePeak\":\n  \u001b[36m<tr />\u001b[39m\n\n  Name \"Horizon Labs Web Developer rejected 03/08/26 No date No offer link\":\n  \u001b[36m<tr />\u001b[39m\n\n  --------------------------------------------------\n  columnheader:\n\n  Name \"Company ↕\":\n  \u001b[36m<th\u001b[39m\n    \u001b[33mclass\u001b[39m=\u001b[32m\"sortable-header\"\u001b[39m\n  \u001b[36m/>\u001b[39m\n\n  Name \"Position ↕\":\n  \u001b[36m<th\u001b[39m\n    \u001b[33mclass\u001b[39m=\u001b[32m\"sortable-header\"\u001b[39m\n  \u001b[36m/>\u001b[39m\n\n  Name \"Status ↕\":\n  \u001b[36m<th\u001b[39m\n    \u001b[33mclass\u001b[39m=\u001b[32m\"sortable-header\"\u001b[39m\n  \u001b[36m/>\u001b[39m\n\n  Name \"Date ↕\":\n  \u001b[36m<th\u001b[39m\n    \u001b[33mclass\u001b[39m=\u001b[32m\"sortable-header\"\u001b[39m\n  \u001b[36m/>\u001b[39m\n\n  Name \"Follow-up ↕\":\n  \u001b[36m<th\u001b[39m\n    \u001b[33mclass\u001b[39m=\u001b[32m\"sortable-header\"\u001b[39m\n  \u001b[36m/>\u001b[39m\n\n  Name \"Notes\":\n  \u001b[36m<th />\u001b[39m\n\n  Name \"Offer\":\n  \u001b[36m<th />\u001b[39m\n\n  Name \"Actions\":\n  \u001b[36m<th />\u001b[39m\n\n  --------------------------------------------------\n  cell:\n\n  Name \"Nova Digital\":\n  \u001b[36m<td\u001b[39m\n    \u001b[33mclass\u001b[39m=\u001b[32m\"center\"\u001b[39m\n  \u001b[36m/>\u001b[39m\n\n  Name \"Frontend Developer\":\n  \u001b[36m<td\u001b[39m\n    \u001b[33mclass\u001b[39m=\u001b[32m\"center\"\u001b[39m\n  \u001b[36m/>\u001b[39m\n\n  Name \"todo\":\n  \u001b[36m<td\u001b[39m\n    \u001b[33mclass\u001b[39m=\u001b[32m\"center status-cell\"\u001b[39m\n  \u001b[36m/>\u001b[39m\n\n  Name \"31/08/26\":\n  \u001b[36m<td\u001b[39m\n    \u001b[33mclass\u001b[39m=\u001b[32m\"center date-cell\"\u001b[39m\n  \u001b[36m/>\u001b[39m\n\n  Name \"09/09/26\":\n  \u001b[36m<td\u001b[39m\n    \u001b[33mclass\u001b[39m=\u001b[32m\"center date-cell\"\u001b[39m\n  \u001b[36m/>\u001b[39m\n\n  Name \"No notes\":\n  \u001b[36m<td\u001b[39m\n    \u001b[33mclass\u001b[39m=\u001b[32m\"notes-cell\"\u001b[39m\n  \u001b[36m/>\u001b[39m\n\n  Name \"Open job offer for Nova Digital\":\n  \u001b[36m<td\u001b[39m\n    \u001b[33mclass\u001b[39m=\u001b[32m\"offer-cell\"\u001b[39m\n  \u001b[36m/>\u001b[39m\n\n  Name \"\":\n  \u001b[36m<td\u001b[39m\n    \u001b[33mclass\u001b[39m=\u001b[32m\"center actions\"\u001b[39m\n  \u001b[36m/>\u001b[39m\n\n  Name \"Dream startup\":\n  \u001b[36m<td\u001b[39m\n    \u001b[33mclass\u001b[39m=\u001b[32m\"center\"\u001b[39m\n  \u001b[36m/>\u001b[39m\n\n  Name \"React Developer\":\n  \u001b[36m<td\u001b[39m\n    \u001b[33mclass\u001b[39m=\u001b[32m\"center\"\u001b[39m\n  \u001b[36m/>\u001b[39m\n\n  Name \"applied\":\n  \u001b[36m<td\u001b[39m\n    \u001b[33mclass\u001b[39m=\u001b[32m\"center status-cell\"\u001b[39m\n  \u001b[36m/>\u001b[39m\n\n  Name \"28/08/26\":\n  \u001b[36m<td\u001b[39m\n    \u001b[33mclass\u001b[39m=\u001b[32m\"center date-cell\"\u001b[39m\n  \u001b[36m/>\u001b[39m\n\n  Name \"02/09/26\":\n  \u001b[36m<td\u001b[39m\n    \u001b[33mclass\u001b[39m=\u001b[32m\"center date-cell\"\u001b[39m\n  \u001b[36m/>\u001b[39m\n\n  Name \"\":\n  \u001b[36m<td\u001b[39m\n    \u001b[33mclass\u001b[39m=\u001b[32m\"notes-cell\"\u001b[39m\n  \u001b[36m/>\u001b[39m\n\n  Name \"No offer link\":\n  \u001b[36m<td\u001b[39m\n    \u001b[33mclass\u001b[39m=\u001b[32m\"offer-cell\"\u001b[39m\n  \u001b[36m/>\u001b[39m\n\n  Name \"\":\n  \u001b[36m<td\u001b[39m\n    \u001b[33mclass\u001b[39m=\u001b[32m\"center actions\"\u001b[39m\n  \u001b[36m/>\u001b[39m\n\n  Name \"Tech agency\":\n  \u001b[36m<td\u001b[39m\n    \u001b[33mclass\u001b[39m=\u001b[32m\"center\"\u001b[39m\n  \u001b[36m/>\u001b[39m\n\n  Name \"Next.js Developer\":\n  \u001b[36m<td\u001b[39m\n    \u001b[33mclass\u001b[39m=\u001b[32m\"center\"\u001b[39m\n  \u001b[36m/>\u001b[39m\n\n  Name \"interview\":\n  \u001b[36m<td\u001b[39m\n    \u001b[33mclass\u001b[39m=\u001b[32m\"center status-cell\"\u001b[39m\n  \u001b[36m/>\u001b[39m\n\n  Name \"24/08/26\":\n  \u001b[36m<td\u001b[39m\n    \u001b[33mclass\u001b[39m=\u001b[32m\"center date-cell\"\u001b[39m\n  \u001b[36m/>\u001b[39m\n\n  Name \"07/10/26\":\n  \u001b[36m<td\u001b[39m\n    \u001b[33mclass\u001b[39m=\u001b[32m\"center date-cell\"\u001b[39m\n  \u001b[36m/>\u001b[39m\n\n  Name \"\":\n  \u001b[36m<td\u001b[39m\n    \u001b[33mclass\u001b[39m=\u001b[32m\"notes-cell\"\u001b[39m\n  \u001b[36m/>\u001b[39m\n\n  Name \"Open job offer for Tech agency\":\n  \u001b[36m<td\u001b[39m\n    \u001b[33mclass\u001b[39m=\u001b[32m\"offer-cell\"\u001b[39m\n  \u001b[36m/>\u001b[39m\n\n  Name \"\":\n  \u001b[36m<td\u001b[39m\n    \u001b[33mclass\u001b[39m=\u001b[32m\"center actions\"\u001b[39m\n  \u001b[36m/>\u001b[39m\n\n  Name \"Bright Labs\":\n  \u001b[36m<td\u001b[39m\n    \u001b[33mclass\u001b[39m=\u001b[32m\"center\"\u001b[39m\n  \u001b[36m/>\u001b[39m\n\n  Name \"React Developer\":\n  \u001b[36m<td\u001b[39m\n    \u001b[33mclass\u001b[39m=\u001b[32m\"center\"\u001b[39m\n  \u001b[36m/>\u001b[39m\n\n  Name \"applied\":\n  \u001b[36m<td\u001b[39m\n    \u001b[33mclass\u001b[39m=\u001b[32m\"center status-cell\"\u001b[39m\n  \u001b[36m/>\u001b[39m\n\n  Name \"21/08/26\":\n  \u001b[36m<td\u001b[39m\n    \u001b[33mclass\u001b[39m=\u001b[32m\"center date-cell\"\u001b[39m\n  \u001b[36m/>\u001b[39m\n\n  Name \"29/08/26\":\n  \u001b[36m<td\u001b[39m\n    \u001b[33mclass\u001b[39m=\u001b[32m\"center date-cell\"\u001b[39m\n  \u001b[36m/>\u001b[39m\n\n  Name \"\":\n  \u001b[36m<td\u001b[39m\n    \u001b[33mclass\u001b[39m=\u001b[32m\"notes-cell\"\u001b[39m\n  \u001b[36m/>\u001b[39m\n\n  Name \"Open job offer for Bright Labs\":\n  \u001b[36m<td\u001b[39m\n    \u001b[33mclass\u001b[39m=\u001b[32m\"offer-cell\"\u001b[39m\n  \u001b[36m/>\u001b[39m\n\n  Name \"\":\n  \u001b[36m<td\u001b[39m\n    \u001b[33mclass\u001b[39m=\u001b[32m\"center actions\"\u001b[39m\n  \u001b[36m/>\u001b[39m\n\n  Name \"Orbit Systems\":\n  \u001b[36m<td\u001b[39m\n    \u001b[33mclass\u001b[39m=\u001b[32m\"center\"\u001b[39m\n  \u001b[36m/>\u001b[39m\n\n  Name \"Frontend Engineer\":\n  \u001b[36m<td\u001b[39m\n    \u001b[33mclass\u001b[39m=\u001b[32m\"center\"\u001b[39m\n  \u001b[36m/>\u001b[39m\n\n  Name \"applied\":\n  \u001b[36m<td\u001b[39m\n    \u001b[33mclass\u001b[39m=\u001b[32m\"center status-cell\"\u001b[39m\n  \u001b[36m/>\u001b[39m\n\n  Name \"26/08/26\":\n  \u001b[36m<td\u001b[39m\n    \u001b[33mclass\u001b[39m=\u001b[32m\"center date-cell\"\u001b[39m\n  \u001b[36m/>\u001b[39m\n\n  Name \"06/09/26\":\n  \u001b[36m<td\u001b[39m\n    \u001b[33mclass\u001b[39m=\u001b[32m\"center date-cell\"\u001b[39m\n  \u001b[36m/>\u001b[39m\n\n  Name \"No notes\":\n  \u001b[36m<td\u001b[39m\n    \u001b[33mclass\u001b[39m=\u001b[32m\"notes-cell\"\u001b[39m\n  \u001b[36m/>\u001b[39m\n\n  Name \"No offer link\":\n  \u001b[36m<td\u001b[39m\n    \u001b[33mclass\u001b[39m=\u001b[32m\"offer-cell\"\u001b[39m\n  \u001b[36m/>\u001b[39m\n\n  Name \"\":\n  \u001b[36m<td\u001b[39m\n    \u001b[33mclass\u001b[39m=\u001b[32m\"center actions\"\u001b[39m\n  \u001b[36m/>\u001b[39m\n\n  Name \"Northstar Tech\":\n  \u001b[36m<td\u001b[39m\n    \u001b[33mclass\u001b[39m=\u001b[32m\"center\"\u001b[39m\n  \u001b[36m/>\u001b[39m\n\n  Name \"TypeScript Developer\":\n  \u001b[36m<td\u001b[39m\n    \u001b[33mclass\u001b[39m=\u001b[32m\"center\"\u001b[39m\n  \u001b[36m/>\u001b[39m\n\n  Name \"interview\":\n  \u001b[36m<td\u001b[39m\n    \u001b[33mclass\u001b[39m=\u001b[32m\"center status-cell\"\u001b[39m\n  \u001b[36m/>\u001b[39m\n\n  Name \"19/08/26\":\n  \u001b[36m<td\u001b[39m\n    \u001b[33mclass\u001b[39m=\u001b[32m\"center date-cell\"\u001b[39m\n  \u001b[36m/>\u001b[39m\n\n  Name \"23/09/26\":\n  \u001b[36m<td\u001b[39m\n    \u001b[33mclass\u001b[39m=\u001b[32m\"center date-cell\"\u001b[39m\n  \u001b[36m/>\u001b[39m\n\n  Name \"\":\n  \u001b[36m<td\u001b[39m\n    \u001b[33mclass\u001b[39m=\u001b[32m\"notes-cell\"\u001b[39m\n  \u001b[36m/>\u001b[39m\n\n  Name \"Open job offer for Northstar Tech\":\n  \u001b[36m<td\u001b[39m\n    \u001b[33mclass\u001b[39m=\u001b[32m\"offer-cell\"\u001b[39m\n  \u001b[36m/>\u001b[39m\n\n  Name \"\":\n  \u001b[36m<td\u001b[39m\n    \u001b[33mclass\u001b[39m=\u001b[32m\"center actions\"\u001b[39m\n  \u001b[36m/>\u001b[39m\n\n  Name \"PixelForge\":\n  \u001b[36m<td\u001b[39m\n    \u001b[33mclass\u001b[39m=\u001b[32m\"center\"\u001b[39m\n  \u001b[36m/>\u001b[39m\n\n  Name \"UI Developer\":\n  \u001b[36m<td\u001b[39m\n    \u001b[33mclass\u001b[39m=\u001b[32m\"center\"\u001b[39m\n  \u001b[36m/>\u001b[39m\n\n  Name \"todo\":\n  \u001b[36m<td\u001b[39m\n    \u001b[33mclass\u001b[39m=\u001b[32m\"center status-cell\"\u001b[39m\n  \u001b[36m/>\u001b[39m\n\n  Name \"01/09/26\":\n  \u001b[36m<td\u001b[39m\n    \u001b[33mclass\u001b[39m=\u001b[32m\"center date-cell\"\u001b[39m\n  \u001b[36m/>\u001b[39m\n\n  Name \"No date\":\n  \u001b[36m<td\u001b[39m\n    \u001b[33mclass\u001b[39m=\u001b[32m\"center date-cell\"\u001b[39m\n  \u001b[36m/>\u001b[39m\n\n  Name \"No notes\":\n  \u001b[36m<td\u001b[39m\n    \u001b[33mclass\u001b[39m=\u001b[32m\"notes-cell\"\u001b[39m\n  \u001b[36m/>\u001b[39m\n\n  Name \"Open job offer for PixelForge\":\n  \u001b[36m<td\u001b[39m\n    \u001b[33mclass\u001b[39m=\u001b[32m\"offer-cell\"\u001b[39m\n  \u001b[36m/>\u001b[39m\n\n  Name \"\":\n  \u001b[36m<td\u001b[39m\n    \u001b[33mclass\u001b[39m=\u001b[32m\"center actions\"\u001b[39m\n  \u001b[36m/>\u001b[39m\n\n  Name \"CloudNest\":\n  \u001b[36m<td\u001b[39m\n    \u001b[33mclass\u001b[39m=\u001b[32m\"center\"\u001b[39m\n  \u001b[36m/>\u001b[39m\n\n  Name \"React Engineer\":\n  \u001b[36m<td\u001b[39m\n    \u001b[33mclass\u001b[39m=\u001b[32m\"center\"\u001b[39m\n  \u001b[36m/>\u001b[39m\n\n  Name \"rejected\":\n  \u001b[36m<td\u001b[39m\n    \u001b[33mclass\u001b[39m=\u001b[32m\"center status-cell\"\u001b[39m\n  \u001b[36m/>\u001b[39m\n\n  Name \"09/08/26\":\n  \u001b[36m<td\u001b[39m\n    \u001b[33mclass\u001b[39m=\u001b[32m\"center date-cell\"\u001b[39m\n  \u001b[36m/>\u001b[39m\n\n  Name \"No date\":\n  \u001b[36m<td\u001b[39m\n    \u001b[33mclass\u001b[39m=\u001b[32m\"center date-cell\"\u001b[39m\n  \u001b[36m/>\u001b[39m\n\n  Name \"\":\n  \u001b[36m<td\u001b[39m\n    \u001b[33mclass\u001b[39m=\u001b[32m\"notes-cell\"\u001b[39m\n  \u001b[36m/>\u001b[39m\n\n  Name \"No offer link\":\n  \u001b[36m<td\u001b[39m\n    \u001b[33mclass\u001b[39m=\u001b[32m\"offer-cell\"\u001b[39m\n  \u001b[36m/>\u001b[39m\n\n  Name \"\":\n  \u001b[36m<td\u001b[39m\n    \u001b[33mclass\u001b[39m=\u001b[32m\"center actions\"\u001b[39m\n  \u001b[36m/>\u001b[39m\n\n  Name \"BluePeak\":\n  \u001b[36m<td\u001b[39m\n    \u001b[33mclass\u001b[39m=\u001b[32m\"center\"\u001b[39m\n  \u001b[36m/>\u001b[39m\n\n  Name \"React TypeScript Developer\":\n  \u001b[36m<td\u001b[39m\n    \u001b[33mclass\u001b[39m=\u001b[32m\"center\"\u001b[39m\n  \u001b[36m/>\u001b[39m\n\n  Name \"applied\":\n  \u001b[36m<td\u001b[39m\n    \u001b[33mclass\u001b[39m=\u001b[32m\"center status-cell\"\u001b[39m\n  \u001b[36m/>\u001b[39m\n\n  Name \"23/08/26\":\n  \u001b[36m<td\u001b[39m\n    \u001b[33mclass\u001b[39m=\u001b[32m\"center date-cell\"\u001b[39m\n  \u001b[36m/>\u001b[39m\n\n  Name \"12/09/26\":\n  \u001b[36m<td\u001b[39m\n    \u001b[33mclass\u001b[39m=\u001b[32m\"center date-cell\"\u001b[39m\n  \u001b[36m/>\u001b[39m\n\n  Name \"No notes\":\n  \u001b[36m<td\u001b[39m\n    \u001b[33mclass\u001b[39m=\u001b[32m\"notes-cell\"\u001b[39m\n  \u001b[36m/>\u001b[39m\n\n  Name \"Open job offer for BluePeak\":\n  \u001b[36m<td\u001b[39m\n    \u001b[33mclass\u001b[39m=\u001b[32m\"offer-cell\"\u001b[39m\n  \u001b[36m/>\u001b[39m\n\n  Name \"\":\n  \u001b[36m<td\u001b[39m\n    \u001b[33mclass\u001b[39m=\u001b[32m\"center actions\"\u001b[39m\n  \u001b[36m/>\u001b[39m\n\n  Name \"Horizon Labs\":\n  \u001b[36m<td\u001b[39m\n    \u001b[33mclass\u001b[39m=\u001b[32m\"center\"\u001b[39m\n  \u001b[36m/>\u001b[39m\n\n  Name \"Web Developer\":\n  \u001b[36m<td\u001b[39m\n    \u001b[33mclass\u001b[39m=\u001b[32m\"center\"\u001b[39m\n  \u001b[36m/>\u001b[39m\n\n  Name \"rejected\":\n  \u001b[36m<td\u001b[39m\n    \u001b[33mclass\u001b[39m=\u001b[32m\"center status-cell\"\u001b[39m\n  \u001b[36m/>\u001b[39m\n\n  Name \"03/08/26\":\n  \u001b[36m<td\u001b[39m\n    \u001b[33mclass\u001b[39m=\u001b[32m\"center date-cell\"\u001b[39m\n  \u001b[36m/>\u001b[39m\n\n  Name \"No date\":\n  \u001b[36m<td\u001b[39m\n    \u001b[33mclass\u001b[39m=\u001b[32m\"center date-cell\"\u001b[39m\n  \u001b[36m/>\u001b[39m\n\n  Name \"\":\n  \u001b[36m<td\u001b[39m\n    \u001b[33mclass\u001b[39m=\u001b[32m\"notes-cell\"\u001b[39m\n  \u001b[36m/>\u001b[39m\n\n  Name \"No offer link\":\n  \u001b[36m<td\u001b[39m\n    \u001b[33mclass\u001b[39m=\u001b[32m\"offer-cell\"\u001b[39m\n  \u001b[36m/>\u001b[39m\n\n  Name \"\":\n  \u001b[36m<td\u001b[39m\n    \u001b[33mclass\u001b[39m=\u001b[32m\"center actions\"\u001b[39m\n  \u001b[36m/>\u001b[39m\n\n  --------------------------------------------------\n  link:\n\n  Name \"Open job offer for Nova Digital\":\n  \u001b[36m<a\u001b[39m\n    \u001b[33maria-label\u001b[39m=\u001b[32m\"Open job offer for Nova Digital\"\u001b[39m\n    \u001b[33mclass\u001b[39m=\u001b[32m\"offer-link\"\u001b[39m\n    \u001b[33mhref\u001b[39m=\u001b[32m\"https://example.com/jobs/frontend-developer\"\u001b[39m\n    \u001b[33mrel\u001b[39m=\u001b[32m\"noopener noreferrer\"\u001b[39m\n    \u001b[33mtarget\u001b[39m=\u001b[32m\"_blank\"\u001b[39m\n    \u001b[33mtitle\u001b[39m=\u001b[32m\"Open job offer\"\u001b[39m\n  \u001b[36m/>\u001b[39m\n\n  Name \"Open job offer for Tech agency\":\n  \u001b[36m<a\u001b[39m\n    \u001b[33maria-label\u001b[39m=\u001b[32m\"Open job offer for Tech agency\"\u001b[39m\n    \u001b[33mclass\u001b[39m=\u001b[32m\"offer-link\"\u001b[39m\n    \u001b[33mhref\u001b[39m=\u001b[32m\"https://example.com/jobs/nextjs-developer\"\u001b[39m\n    \u001b[33mrel\u001b[39m=\u001b[32m\"noopener noreferrer\"\u001b[39m\n    \u001b[33mtarget\u001b[39m=\u001b[32m\"_blank\"\u001b[39m\n    \u001b[33mtitle\u001b[39m=\u001b[32m\"Open job offer\"\u001b[39m\n  \u001b[36m/>\u001b[39m\n\n  Name \"Open job offer for Bright Labs\":\n  \u001b[36m<a\u001b[39m\n    \u001b[33maria-label\u001b[39m=\u001b[32m\"Open job offer for Bright Labs\"\u001b[39m\n    \u001b[33mclass\u001b[39m=\u001b[32m\"offer-link\"\u001b[39m\n    \u001b[33mhref\u001b[39m=\u001b[32m\"https://example.com/jobs/react-developer\"\u001b[39m\n    \u001b[33mrel\u001b[39m=\u001b[32m\"noopener noreferrer\"\u001b[39m\n    \u001b[33mtarget\u001b[39m=\u001b[32m\"_blank\"\u001b[39m\n    \u001b[33mtitle\u001b[39m=\u001b[32m\"Open job offer\"\u001b[39m\n  \u001b[36m/>\u001b[39m\n\n  Name \"Open job offer for Northstar Tech\":\n  \u001b[36m<a\u001b[39m\n    \u001b[33maria-label\u001b[39m=\u001b[32m\"Open job offer for Northstar Tech\"\u001b[39m\n    \u001b[33mclass\u001b[39m=\u001b[32m\"offer-link\"\u001b[39m\n    \u001b[33mhref\u001b[39m=\u001b[32m\"https://example.com/jobs/typescript-developer\"\u001b[39m\n    \u001b[33mrel\u001b[39m=\u001b[32m\"noopener noreferrer\"\u001b[39m\n    \u001b[33mtarget\u001b[39m=\u001b[32m\"_blank\"\u001b[39m\n    \u001b[33mtitle\u001b[39m=\u001b[32m\"Open job offer\"\u001b[39m\n  \u001b[36m/>\u001b[39m\n\n  Name \"Open job offer for PixelForge\":\n  \u001b[36m<a\u001b[39m\n    \u001b[33maria-label\u001b[39m=\u001b[32m\"Open job offer for PixelForge\"\u001b[39m\n    \u001b[33mclass\u001b[39m=\u001b[32m\"offer-link\"\u001b[39m\n    \u001b[33mhref\u001b[39m=\u001b[32m\"https://example.com/jobs/ui-developer\"\u001b[39m\n    \u001b[33mrel\u001b[39m=\u001b[32m\"noopener noreferrer\"\u001b[39m\n    \u001b[33mtarget\u001b[39m=\u001b[32m\"_blank\"\u001b[39m\n    \u001b[33mtitle\u001b[39m=\u001b[32m\"Open job offer\"\u001b[39m\n  \u001b[36m/>\u001b[39m\n\n  Name \"Open job offer for BluePeak\":\n  \u001b[36m<a\u001b[39m\n    \u001b[33maria-label\u001b[39m=\u001b[32m\"Open job offer for BluePeak\"\u001b[39m\n    \u001b[33mclass\u001b[39m=\u001b[32m\"offer-link\"\u001b[39m\n    \u001b[33mhref\u001b[39m=\u001b[32m\"https://example.com/jobs/react-typescript\"\u001b[39m\n    \u001b[33mrel\u001b[39m=\u001b[32m\"noopener noreferrer\"\u001b[39m\n    \u001b[33mtarget\u001b[39m=\u001b[32m\"_blank\"\u001b[39m\n    \u001b[33mtitle\u001b[39m=\u001b[32m\"Open job offer\"\u001b[39m\n  \u001b[36m/>\u001b[39m\n\n  Name \"View offer\":\n  \u001b[36m<a\u001b[39m\n    \u001b[33mhref\u001b[39m=\u001b[32m\"https://example.com/jobs/frontend-developer\"\u001b[39m\n    \u001b[33mrel\u001b[39m=\u001b[32m\"noopener noreferrer\"\u001b[39m\n    \u001b[33mtarget\u001b[39m=\u001b[32m\"_blank\"\u001b[39m\n  \u001b[36m/>\u001b[39m\n\n  Name \"View offer\":\n  \u001b[36m<a\u001b[39m\n    \u001b[33mhref\u001b[39m=\u001b[32m\"https://example.com/jobs/nextjs-developer\"\u001b[39m\n    \u001b[33mrel\u001b[39m=\u001b[32m\"noopener noreferrer\"\u001b[39m\n    \u001b[33mtarget\u001b[39m=\u001b[32m\"_blank\"\u001b[39m\n  \u001b[36m/>\u001b[39m\n\n  Name \"View offer\":\n  \u001b[36m<a\u001b[39m\n    \u001b[33mhref\u001b[39m=\u001b[32m\"https://example.com/jobs/react-developer\"\u001b[39m\n    \u001b[33mrel\u001b[39m=\u001b[32m\"noopener noreferrer\"\u001b[39m\n    \u001b[33mtarget\u001b[39m=\u001b[32m\"_blank\"\u001b[39m\n  \u001b[36m/>\u001b[39m\n\n  Name \"View offer\":\n  \u001b[36m<a\u001b[39m\n    \u001b[33mhref\u001b[39m=\u001b[32m\"https://example.com/jobs/typescript-developer\"\u001b[39m\n    \u001b[33mrel\u001b[39m=\u001b[32m\"noopener noreferrer\"\u001b[39m\n    \u001b[33mtarget\u001b[39m=\u001b[32m\"_blank\"\u001b[39m\n  \u001b[36m/>\u001b[39m\n\n  Name \"View offer\":\n  \u001b[36m<a\u001b[39m\n    \u001b[33mhref\u001b[39m=\u001b[32m\"https://example.com/jobs/ui-developer\"\u001b[39m\n    \u001b[33mrel\u001b[39m=\u001b[32m\"noopener noreferrer\"\u001b[39m\n    \u001b[33mtarget\u001b[39m=\u001b[32m\"_blank\"\u001b[39m\n  \u001b[36m/>\u001b[39m\n\n  Name \"View offer\":\n  \u001b[36m<a\u001b[39m\n    \u001b[33mhref\u001b[39m=\u001b[32m\"https://example.com/jobs/react-typescript\"\u001b[39m\n    \u001b[33mrel\u001b[39m=\u001b[32m\"noopener noreferrer\"\u001b[39m\n    \u001b[33mtarget\u001b[39m=\u001b[32m\"_blank\"\u001b[39m\n  \u001b[36m/>\u001b[39m\n\n  --------------------------------------------------\n  article:\n\n  Name \"\":\n  \u001b[36m<article\u001b[39m\n    \u001b[33mclass\u001b[39m=\u001b[32m\"job-card\"\u001b[39m\n  \u001b[36m/>\u001b[39m\n\n  Name \"\":\n  \u001b[36m<article\u001b[39m\n    \u001b[33mclass\u001b[39m=\u001b[32m\"job-card\"\u001b[39m\n  \u001b[36m/>\u001b[39m\n\n  Name \"\":\n  \u001b[36m<article\u001b[39m\n    \u001b[33mclass\u001b[39m=\u001b[32m\"job-card\"\u001b[39m\n  \u001b[36m/>\u001b[39m\n\n  Name \"\":\n  \u001b[36m<article\u001b[39m\n    \u001b[33mclass\u001b[39m=\u001b[32m\"job-card\"\u001b[39m\n  \u001b[36m/>\u001b[39m\n\n  Name \"\":\n  \u001b[36m<article\u001b[39m\n    \u001b[33mclass\u001b[39m=\u001b[32m\"job-card\"\u001b[39m\n  \u001b[36m/>\u001b[39m\n\n  Name \"\":\n  \u001b[36m<article\u001b[39m\n    \u001b[33mclass\u001b[39m=\u001b[32m\"job-card\"\u001b[39m\n  \u001b[36m/>\u001b[39m\n\n  Name \"\":\n  \u001b[36m<article\u001b[39m\n    \u001b[33mclass\u001b[39m=\u001b[32m\"job-card\"\u001b[39m\n  \u001b[36m/>\u001b[39m\n\n  Name \"\":\n  \u001b[36m<article\u001b[39m\n    \u001b[33mclass\u001b[39m=\u001b[32m\"job-card\"\u001b[39m\n  \u001b[36m/>\u001b[39m\n\n  Name \"\":\n  \u001b[36m<article\u001b[39m\n    \u001b[33mclass\u001b[39m=\u001b[32m\"job-card\"\u001b[39m\n  \u001b[36m/>\u001b[39m\n\n  Name \"\":\n  \u001b[36m<article\u001b[39m\n    \u001b[33mclass\u001b[39m=\u001b[32m\"job-card\"\u001b[39m\n  \u001b[36m/>\u001b[39m\n\n  --------------------------------------------------\n  paragraph:\n\n  Name \"\":\n  \u001b[36m<p />\u001b[39m\n\n  Name \"\":\n  \u001b[36m<p />\u001b[39m\n\n  Name \"\":\n  \u001b[36m<p />\u001b[39m\n\n  Name \"\":\n  \u001b[36m<p />\u001b[39m\n\n  Name \"\":\n  \u001b[36m<p />\u001b[39m\n\n  Name \"\":\n  \u001b[36m<p />\u001b[39m\n\n  Name \"\":\n  \u001b[36m<p />\u001b[39m\n\n  Name \"\":\n  \u001b[36m<p />\u001b[39m\n\n  Name \"\":\n  \u001b[36m<p />\u001b[39m\n\n  Name \"\":\n  \u001b[36m<p />\u001b[39m\n\n  --------------------------------------------------\n\nIgnored nodes: comments, script, style\n\u001b[36m<body>\u001b[39m\n  \u001b[36m<div>\u001b[39m\n    \u001b[36m<main\u001b[39m\n      \u001b[33mclass\u001b[39m=\u001b[32m\"conteneur\"\u001b[39m\n    \u001b[36m>\u001b[39m\n      \u001b[36m<header\u001b[39m\n        \u001b[33mclass\u001b[39m=\u001b[32m\"page-header\"\u001b[39m\n      \u001b[36m>\u001b[39m\n        \u001b[36m<h1\u001b[39m\n          \u001b[33mclass\u001b[39m=\u001b[32m\"main-title\"\u001b[39m\n        \u001b[36m>\u001b[39m\n          \u001b[0mJob Tracker\u001b[0m\n        \u001b[36m</h1>\u001b[39m\n      \u001b[36m</header>\u001b[39m\n      \u001b[36m<section\u001b[39m\n        \u001b[33mclass\u001b[39m=\u001b[32m\"applications-panel\"\u001b[39m\n      \u001b[36m>\u001b[39m\n        \u001b[36m<div\u001b[39m\n          \u001b[33mclass\u001b[39m=\u001b[32m\"applications-header\"\u001b[39m\n        \u001b[36m>\u001b[39m\n          \u001b[36m<h2\u001b[39m\n            \u001b[33mclass\u001b[39m=\u001b[32m\"section-title applications-title\"\u001b[39m\n          \u001b[36m>\u001b[39m\n            \u001b[0mApplications\u001b[0m\n          \u001b[36m</h2>\u001b[39m\n          \u001b[36m<button\u001b[39m\n            \u001b[33mclass\u001b[39m=\u001b[32m\"add-application-trigger\"\u001b[39m\n            \u001b[33mtype\u001b[39m=\u001b[32m\"button\"\u001b[39m\n          \u001b[36m>\u001b[39m\n            \u001b[36m<svg\u001b[39m\n              \u001b[33maria-hidden\u001b[39m=\u001b[32m\"true\"\u001b[39m\n              \u001b[33mclass\u001b[39m=\u001b[32m\"lucide lucide-plus\"\u001b[39m\n              \u001b[33mfill\u001b[39m=\u001b[32m\"none\"\u001b[39m\n              \u001b[33mheight\u001b[39m=\u001b[32m\"17\"\u001b[39m\n              \u001b[33mstroke\u001b[39m=\u001b[32m\"currentColor\"\u001b[39m\n              \u001b[33mstroke-linecap\u001b[39m=\u001b[32m\"round\"\u001b[39m\n              \u001b[33mstroke-linejoin\u001b[39m=\u001b[32m\"round\"\u001b[39m\n              \u001b[33mstroke-width\u001b[39m=\u001b[32m\"2\"\u001b[39m\n              \u001b[33mviewBox\u001b[39m=\u001b[32m\"0 0 24 24\"\u001b[39m\n              \u001b[33mwidth\u001b[39m=\u001b[32m\"17\"\u001b[39m\n              \u001b[33mxmlns\u001b[39m=\u001b[32m\"http://www.w3.org/2000/svg\"\u001b[39m\n            \u001b[36m>\u001b[39m\n              \u001b[36m<path\u001b[39m\n                \u001b[33md\u001b[39m=\u001b[32m\"M5 12h14\"\u001b[39m\n              \u001b[36m/>\u001b[39m\n              \u001b[36m<path\u001b[39m\n                \u001b[33md\u001b[39m=\u001b[32m\"M12 5v14\"\u001b[39m\n              \u001b[36m/>\u001b[39m\n            \u001b[36m</svg>\u001b[39m\n            \u001b[0mAdd application\u001b[0m\n          \u001b[36m</button>\u001b[39m\n        \u001b[36m</div>\u001b[39m\n        \u001b[36m<section\u001b[39m\n          \u001b[33mclass\u001b[39m=\u001b[32m\"tracker-toolbar\"\u001b[39m\n        \u001b[36m>\u001b[39m\n          \u001b[36m<div\u001b[39m\n            \u001b[33mclass\u001b[39m=\u001b[32m\"filters-group\"\u001b[39m\n          \u001b[36m>\u001b[39m\n            \u001b[36m<div\u001b[39m\n              \u001b[33mclass\u001b[39m=\u001b[32m\"search-control\"\u001b[39m\n            \u001b[36m>\u001b[39m\n              \u001b[36m<svg\u001b[39m\n                \u001b[33maria-hidden\u001b[39m=\u001b[32m\"true\"\u001b[39m\n                \u001b[33mclass\u001b[39m=\u001b[32m\"lucide lucide-search\"\u001b[39m\n                \u001b[33mfill\u001b[39m=\u001b[32m\"none\"\u001b[39m\n                \u001b[33mheight\u001b[39m=\u001b[32m\"18\"\u001b[39m\n                \u001b[33mstroke\u001b[39m=\u001b[32m\"currentColor\"\u001b[39m\n                \u001b[33mstroke-linecap\u001b[39m=\u001b[32m\"round\"\u001b[39m\n                \u001b[33mstroke-linejoin\u001b[39m=\u001b[32m\"round\"\u001b[39m\n                \u001b[33mstroke-width\u001b[39m=\u001b[32m\"2\"\u001b[39m\n                \u001b[33mviewBox\u001b[39m=\u001b[32m\"0 0 24 24\"\u001b[39m\n                \u001b[33mwidth\u001b[39m=\u001b[32m\"18\"\u001b[39m\n                \u001b[33mxmlns\u001b[39m=\u001b[32m\"http://www.w3.org/2000/svg\"\u001b[39m\n              \u001b[36m>\u001b[39m\n                \u001b[36m<path\u001b[39m\n                  \u001b[33md\u001b[39m=\u001b[32m\"m21 21-4.34-4.34\"\u001b[39m\n                \u001b[36m/>\u001b[39m\n                \u001b[36m<circle\u001b[39m\n                  \u001b[33mcx\u001b[39m=\u001b[32m\"11\"\u001b[39m\n                  \u001b[33mcy\u001b[39m=\u001b[32m\"11\"\u001b[39m\n                  \u001b[33mr\u001b[39m=\u001b[32m\"8\"\u001b[39m\n                \u001b[36m/>\u001b[39m\n              \u001b[36m</svg>\u001b[39m\n              \u001b[36m<input\u001b[39m\n                \u001b[33maria-label\u001b[39m=\u001b[32m\"Search applications\"\u001b[39m\n                \u001b[33mclass\u001b[39m=\u001b[32m\"search-input\"\u001b[39m\n                \u001b[33mplaceholder\u001b[39m=\u001b[32m\"Search company or position...\"\u001b[39m\n                \u001b[33mtype\u001b[39m=\u001b[32m\"text\"\u001b[39m\n                \u001b[33mvalue\u001b[39m=\u001b[32m\"\"\u001b[39m\n              \u001b[36m/>\u001b[39m\n            \u001b[36m</div>\u001b[39m\n            \u001b[36m<select\u001b[39m\n              \u001b[33maria-label\u001b[39m=\u001b[32m\"Filter applications by status\"\u001b[39m\n              \u001b[33mclass\u001b[39m=\u001b[32m\"status-filter\"\u001b[39m\n            \u001b[36m>\u001b[39m\n              \u001b[36m<option\u001b[39m\n                \u001b[33mvalue\u001b[39m=\u001b[32m\"all\"\u001b[39m\n              \u001b[36m>\u001b[39m\n                \u001b[0mAll statuses\u001b[0m\n              \u001b[36m</option>\u001b[39m\n              \u001b[36m<option\u001b[39m\n                \u001b[33mvalue\u001b[39m=\u001b[32m\"todo\"\u001b[39m\n              \u001b[36m>\u001b[39m\n                \u001b[0mTodo\u001b[0m\n              \u001b[36m</option>\u001b[39m\n              \u001b[36m<option\u001b[39m\n                \u001b[33mvalue\u001b[39m=\u001b[32m\"applied\"\u001b[39m\n              \u001b[36m>\u001b[39m\n                \u001b[0mApplied\u001b[0m\n              \u001b[36m</option>\u001b[39m\n              \u001b[36m<option\u001b[39m\n                \u001b[33mvalue\u001b[39m=\u001b[32m\"interview\"\u001b[39m\n              \u001b[36m>\u001b[39m\n                \u001b[0mInterview\u001b[0m\n              \u001b[36m</option>\u001b[39m\n              \u001b[36m<option\u001b[39m\n                \u001b[33mvalue\u001b[39m=\u001b[32m\"rejected\"\u001b[39m\n              \u001b[36m>\u001b[39m\n                \u001b[0mRejected\u001b[0m\n              \u001b[36m</option>\u001b[39m\n            \u001b[36m</select>\u001b[39m\n            \u001b[36m<select\u001b[39m\n              \u001b[33maria-label\u001b[39m=\u001b[32m\"Filter applications by follow-up\"\u001b[39m\n              \u001b[33mclass\u001b[39m=\u001b[32m\"status-filter\"\u001b[39m\n            \u001b[36m>\u001b[39m\n              \u001b[36m<option\u001b[39m\n                \u001b[33mvalue\u001b[39m=\u001b[32m\"all\"\u001b[39m\n              \u001b[36m>\u001b[39m\n                \u001b[0mAll follow-ups\u001b[0m\n              \u001b[36m</option>\u001b[39m\n              \u001b[36m<option\u001b[39m\n                \u001b[33mvalue\u001b[39m=\u001b[32m\"upcoming\"\u001b[39m\n              \u001b[36m>\u001b[39m\n                \u001b[0mUpcoming\u001b[0m\n              \u001b[36m</option>\u001b[39m\n              \u001b[36m<option\u001b[39m\n                \u001b[33mvalue\u001b[39m=\u001b[32m\"today\"\u001b[39m\n              \u001b[36m>\u001b[39m\n                \u001b[0mToday\u001b[0m\n              \u001b[36m</option>\u001b[39m\n              \u001b[36m<option\u001b[39m\n                \u001b[33mvalue\u001b[39m=\u001b[32m\"overdue\"\u001b[39m\n              \u001b[36m>\u001b[39m\n                \u001b[0mOverdue\u001b[0m\n              \u001b[36m</option>\u001b[39m\n              \u001b[36m<option\u001b[39m\n                \u001b[33mvalue\u001b[39m=\u001b[32m\"no-date\"\u001b[39m\n              \u001b[36m>\u001b[39m\n                \u001b[0mNo date\u001b[0m\n              \u001b[36m</option>\u001b[39m\n            \u001b[36m</select>\u001b[39m\n          \u001b[36m</div>\u001b[39m\n          \u001b[36m<div\u001b[39m\n            \u001b[33mclass\u001b[39m=\u001b[32m\"offers-counter\"\u001b[39m\n          \u001b[36m>\u001b[39m\n            \u001b[36m<div\u001b[39m\n              \u001b[33mclass\u001b[39m=\u001b[32m\"counter-content\"\u001b[39m\n            \u001b[36m>\u001b[39m\n              \u001b[36m<span>\u001b[39m\n                \u001b[0mTotal applications\u001b[0m\n              \u001b[36m</span>\u001b[39m\n              \u001b[36m<strong>\u001b[39m\n                \u001b[0m10\u001b[0m\n              \u001b[36m</strong>\u001b[39m\n            \u001b[36m</div>\u001b[39m\n            \u001b[36m<span\u001b[39m\n              \u001b[33maria-hidden\u001b[39m=\u001b[32m\"true\"\u001b[39m\n              \u001b[33mclass\u001b[39m=\u001b[32m\"counter-icon\"\u001b[39m\n            \u001b[36m>\u001b[39m\n              \u001b[36m<svg\u001b[39m\n                \u001b[33maria-hidden\u001b[39m=\u001b[32m\"true\"\u001b[39m\n                \u001b[33mclass\u001b[39m=\u001b[32m\"lucide lucide-chart-column\"\u001b[39m\n                \u001b[33mfill\u001b[39m=\u001b[32m\"none\"\u001b[39m\n                \u001b[33mheight\u001b[39m=\u001b[32m\"19\"\u001b[39m\n                \u001b[33mstroke\u001b[39m=\u001b[32m\"currentColor\"\u001b[39m\n                \u001b[33mstroke-linecap\u001b[39m=\u001b[32m\"round\"\u001b[39m\n                \u001b[33mstroke-linejoin\u001b[39m=\u001b[32m\"round\"\u001b[39m\n                \u001b[33mstroke-width\u001b[39m=\u001b[32m\"2\"\u001b[39m\n                \u001b[33mviewBox\u001b[39m=\u001b[32m\"0 0 24 24\"\u001b[39m\n                \u001b[33...\n    at Object.getElementError (C:\\Users\\ASUS-16\\Documents\\projets\\job-tracker\\node_modules\\@testing-library\\dom\\dist\\config.js:37:19)\n    at C:\\Users\\ASUS-16\\Documents\\projets\\job-tracker\\node_modules\\@testing-library\\dom\\dist\\query-helpers.js:76:38\n    at C:\\Users\\ASUS-16\\Documents\\projets\\job-tracker\\node_modules\\@testing-library\\dom\\dist\\query-helpers.js:52:17\n    at C:\\Users\\ASUS-16\\Documents\\projets\\job-tracker\\node_modules\\@testing-library\\dom\\dist\\query-helpers.js:95:19\n    at Object.<anonymous> (C:\\Users\\ASUS-16\\Documents\\projets\\job-tracker\\src\\app\\page.test.tsx:26:44)"],"fullName":"Home page adds an application and clears the form","invocations":1,"location":null,"numPassingAsserts":0,"retryReasons":[],"startAt":1788364963055,"status":"failed","title":"adds an application and clears the form"},{"ancestorTitles":["Home page"],"duration":349,"failing":false,"failureDetails":[{"name":"TestingLibraryElementError"}],"failureMessages":["TestingLibraryElementError: Unable to find an accessible element with the role \"textbox\" and name \"Company\"\n\nHere are the accessible roles:\n\n  main:\n\n  Name \"\":\n  \u001b[36m<main\u001b[39m\n    \u001b[33mclass\u001b[39m=\u001b[32m\"conteneur\"\u001b[39m\n  \u001b[36m/>\u001b[39m\n\n  --------------------------------------------------\n  banner:\n\n  Name \"\":\n  \u001b[36m<header\u001b[39m\n    \u001b[33mclass\u001b[39m=\u001b[32m\"page-header\"\u001b[39m\n  \u001b[36m/>\u001b[39m\n\n  --------------------------------------------------\n  heading:\n\n  Name \"Job Tracker\":\n  \u001b[36m<h1\u001b[39m\n    \u001b[33mclass\u001b[39m=\u001b[32m\"main-title\"\u001b[39m\n  \u001b[36m/>\u001b[39m\n\n  Name \"Applications\":\n  \u001b[36m<h2\u001b[39m\n    \u001b[33mclass\u001b[39m=\u001b[32m\"section-title applications-title\"\u001b[39m\n  \u001b[36m/>\u001b[39m\n\n  Name \"Nova Digital\":\n  \u001b[36m<h3 />\u001b[39m\n\n  Name \"Dream startup\":\n  \u001b[36m<h3 />\u001b[39m\n\n  Name \"Tech agency\":\n  \u001b[36m<h3 />\u001b[39m\n\n  Name \"Bright Labs\":\n  \u001b[36m<h3 />\u001b[39m\n\n  Name \"Orbit Systems\":\n  \u001b[36m<h3 />\u001b[39m\n\n  Name \"Northstar Tech\":\n  \u001b[36m<h3 />\u001b[39m\n\n  Name \"PixelForge\":\n  \u001b[36m<h3 />\u001b[39m\n\n  Name \"CloudNest\":\n  \u001b[36m<h3 />\u001b[39m\n\n  Name \"BluePeak\":\n  \u001b[36m<h3 />\u001b[39m\n\n  Name \"Horizon Labs\":\n  \u001b[36m<h3 />\u001b[39m\n\n  --------------------------------------------------\n  button:\n\n  Name \"Add application\":\n  \u001b[36m<button\u001b[39m\n    \u001b[33mclass\u001b[39m=\u001b[32m\"add-application-trigger\"\u001b[39m\n    \u001b[33mtype\u001b[39m=\u001b[32m\"button\"\u001b[39m\n  \u001b[36m/>\u001b[39m\n\n  Name \"Change status for Nova Digital. Current status: todo\":\n  \u001b[36m<button\u001b[39m\n    \u001b[33maria-label\u001b[39m=\u001b[32m\"Change status for Nova Digital. Current status: todo\"\u001b[39m\n    \u001b[33mclass\u001b[39m=\u001b[32m\"status-badge status-todo\"\u001b[39m\n    \u001b[33mtype\u001b[39m=\u001b[32m\"button\"\u001b[39m\n  \u001b[36m/>\u001b[39m\n\n  Name \"Edit Nova Digital\":\n  \u001b[36m<button\u001b[39m\n    \u001b[33maria-label\u001b[39m=\u001b[32m\"Edit Nova Digital\"\u001b[39m\n    \u001b[33mclass\u001b[39m=\u001b[32m\"action-secondary action-icon\"\u001b[39m\n    \u001b[33mtitle\u001b[39m=\u001b[32m\"Edit\"\u001b[39m\n  \u001b[36m/>\u001b[39m\n\n  Name \"Reset status for Nova Digital\":\n  \u001b[36m<button\u001b[39m\n    \u001b[33maria-label\u001b[39m=\u001b[32m\"Reset status for Nova Digital\"\u001b[39m\n    \u001b[33mclass\u001b[39m=\u001b[32m\"action-reset action-icon\"\u001b[39m\n    \u001b[33mtitle\u001b[39m=\u001b[32m\"Reset status\"\u001b[39m\n  \u001b[36m/>\u001b[39m\n\n  Name \"Delete Nova Digital\":\n  \u001b[36m<button\u001b[39m\n    \u001b[33maria-label\u001b[39m=\u001b[32m\"Delete Nova Digital\"\u001b[39m\n    \u001b[33mclass\u001b[39m=\u001b[32m\"danger action-icon\"\u001b[39m\n    \u001b[33mtitle\u001b[39m=\u001b[32m\"Delete\"\u001b[39m\n  \u001b[36m/>\u001b[39m\n\n  Name \"Change status for Dream startup. Current status: applied\":\n  \u001b[36m<button\u001b[39m\n    \u001b[33maria-label\u001b[39m=\u001b[32m\"Change status for Dream startup. Current status: applied\"\u001b[39m\n    \u001b[33mclass\u001b[39m=\u001b[32m\"status-badge status-applied\"\u001b[39m\n    \u001b[33mtype\u001b[39m=\u001b[32m\"button\"\u001b[39m\n  \u001b[36m/>\u001b[39m\n\n  Name \"Show notes for Dream startup\":\n  \u001b[36m<button\u001b[39m\n    \u001b[33maria-label\u001b[39m=\u001b[32m\"Show notes for Dream startup\"\u001b[39m\n    \u001b[33mclass\u001b[39m=\u001b[32m\"notes-button \"\u001b[39m\n    \u001b[33mtype\u001b[39m=\u001b[32m\"button\"\u001b[39m\n  \u001b[36m/>\u001b[39m\n\n  Name \"Edit Dream startup\":\n  \u001b[36m<button\u001b[39m\n    \u001b[33maria-label\u001b[39m=\u001b[32m\"Edit Dream startup\"\u001b[39m\n    \u001b[33mclass\u001b[39m=\u001b[32m\"action-secondary action-icon\"\u001b[39m\n    \u001b[33mtitle\u001b[39m=\u001b[32m\"Edit\"\u001b[39m\n  \u001b[36m/>\u001b[39m\n\n  Name \"Reset status for Dream startup\":\n  \u001b[36m<button\u001b[39m\n    \u001b[33maria-label\u001b[39m=\u001b[32m\"Reset status for Dream startup\"\u001b[39m\n    \u001b[33mclass\u001b[39m=\u001b[32m\"action-reset action-icon\"\u001b[39m\n    \u001b[33mtitle\u001b[39m=\u001b[32m\"Reset status\"\u001b[39m\n  \u001b[36m/>\u001b[39m\n\n  Name \"Delete Dream startup\":\n  \u001b[36m<button\u001b[39m\n    \u001b[33maria-label\u001b[39m=\u001b[32m\"Delete Dream startup\"\u001b[39m\n    \u001b[33mclass\u001b[39m=\u001b[32m\"danger action-icon\"\u001b[39m\n    \u001b[33mtitle\u001b[39m=\u001b[32m\"Delete\"\u001b[39m\n  \u001b[36m/>\u001b[39m\n\n  Name \"Change status for Tech agency. Current status: interview\":\n  \u001b[36m<button\u001b[39m\n    \u001b[33maria-label\u001b[39m=\u001b[32m\"Change status for Tech agency. Current status: interview\"\u001b[39m\n    \u001b[33mclass\u001b[39m=\u001b[32m\"status-badge status-interview\"\u001b[39m\n    \u001b[33mtype\u001b[39m=\u001b[32m\"button\"\u001b[39m\n  \u001b[36m/>\u001b[39m\n\n  Name \"Show notes for Tech agency\":\n  \u001b[36m<button\u001b[39m\n    \u001b[33maria-label\u001b[39m=\u001b[32m\"Show notes for Tech agency\"\u001b[39m\n    \u001b[33mclass\u001b[39m=\u001b[32m\"notes-button \"\u001b[39m\n    \u001b[33mtype\u001b[39m=\u001b[32m\"button\"\u001b[39m\n  \u001b[36m/>\u001b[39m\n\n  Name \"Edit Tech agency\":\n  \u001b[36m<button\u001b[39m\n    \u001b[33maria-label\u001b[39m=\u001b[32m\"Edit Tech agency\"\u001b[39m\n    \u001b[33mclass\u001b[39m=\u001b[32m\"action-secondary action-icon\"\u001b[39m\n    \u001b[33mtitle\u001b[39m=\u001b[32m\"Edit\"\u001b[39m\n  \u001b[36m/>\u001b[39m\n\n  Name \"Reset status for Tech agency\":\n  \u001b[36m<button\u001b[39m\n    \u001b[33maria-label\u001b[39m=\u001b[32m\"Reset status for Tech agency\"\u001b[39m\n    \u001b[33mclass\u001b[39m=\u001b[32m\"action-reset action-icon\"\u001b[39m\n    \u001b[33mtitle\u001b[39m=\u001b[32m\"Reset status\"\u001b[39m\n  \u001b[36m/>\u001b[39m\n\n  Name \"Delete Tech agency\":\n  \u001b[36m<button\u001b[39m\n    \u001b[33maria-label\u001b[39m=\u001b[32m\"Delete Tech agency\"\u001b[39m\n    \u001b[33mclass\u001b[39m=\u001b[32m\"danger action-icon\"\u001b[39m\n    \u001b[33mtitle\u001b[39m=\u001b[32m\"Delete\"\u001b[39m\n  \u001b[36m/>\u001b[39m\n\n  Name \"Change status for Bright Labs. Current status: applied\":\n  \u001b[36m<button\u001b[39m\n    \u001b[33maria-label\u001b[39m=\u001b[32m\"Change status for Bright Labs. Current status: applied\"\u001b[39m\n    \u001b[33mclass\u001b[39m=\u001b[32m\"status-badge status-applied\"\u001b[39m\n    \u001b[33mtype\u001b[39m=\u001b[32m\"button\"\u001b[39m\n  \u001b[36m/>\u001b[39m\n\n  Name \"Show notes for Bright Labs\":\n  \u001b[36m<button\u001b[39m\n    \u001b[33maria-label\u001b[39m=\u001b[32m\"Show notes for Bright Labs\"\u001b[39m\n    \u001b[33mclass\u001b[39m=\u001b[32m\"notes-button \"\u001b[39m\n    \u001b[33mtype\u001b[39m=\u001b[32m\"button\"\u001b[39m\n  \u001b[36m/>\u001b[39m\n\n  Name \"Edit Bright Labs\":\n  \u001b[36m<button\u001b[39m\n    \u001b[33maria-label\u001b[39m=\u001b[32m\"Edit Bright Labs\"\u001b[39m\n    \u001b[33mclass\u001b[39m=\u001b[32m\"action-secondary action-icon\"\u001b[39m\n    \u001b[33mtitle\u001b[39m=\u001b[32m\"Edit\"\u001b[39m\n  \u001b[36m/>\u001b[39m\n\n  Name \"Reset status for Bright Labs\":\n  \u001b[36m<button\u001b[39m\n    \u001b[33maria-label\u001b[39m=\u001b[32m\"Reset status for Bright Labs\"\u001b[39m\n    \u001b[33mclass\u001b[39m=\u001b[32m\"action-reset action-icon\"\u001b[39m\n    \u001b[33mtitle\u001b[39m=\u001b[32m\"Reset status\"\u001b[39m\n  \u001b[36m/>\u001b[39m\n\n  Name \"Delete Bright Labs\":\n  \u001b[36m<button\u001b[39m\n    \u001b[33maria-label\u001b[39m=\u001b[32m\"Delete Bright Labs\"\u001b[39m\n    \u001b[33mclass\u001b[39m=\u001b[32m\"danger action-icon\"\u001b[39m\n    \u001b[33mtitle\u001b[39m=\u001b[32m\"Delete\"\u001b[39m\n  \u001b[36m/>\u001b[39m\n\n  Name \"Change status for Orbit Systems. Current status: applied\":\n  \u001b[36m<button\u001b[39m\n    \u001b[33maria-label\u001b[39m=\u001b[32m\"Change status for Orbit Systems. Current status: applied\"\u001b[39m\n    \u001b[33mclass\u001b[39m=\u001b[32m\"status-badge status-applied\"\u001b[39m\n    \u001b[33mtype\u001b[39m=\u001b[32m\"button\"\u001b[39m\n  \u001b[36m/>\u001b[39m\n\n  Name \"Edit Orbit Systems\":\n  \u001b[36m<button\u001b[39m\n    \u001b[33maria-label\u001b[39m=\u001b[32m\"Edit Orbit Systems\"\u001b[39m\n    \u001b[33mclass\u001b[39m=\u001b[32m\"action-secondary action-icon\"\u001b[39m\n    \u001b[33mtitle\u001b[39m=\u001b[32m\"Edit\"\u001b[39m\n  \u001b[36m/>\u001b[39m\n\n  Name \"Reset status for Orbit Systems\":\n  \u001b[36m<button\u001b[39m\n    \u001b[33maria-label\u001b[39m=\u001b[32m\"Reset status for Orbit Systems\"\u001b[39m\n    \u001b[33mclass\u001b[39m=\u001b[32m\"action-reset action-icon\"\u001b[39m\n    \u001b[33mtitle\u001b[39m=\u001b[32m\"Reset status\"\u001b[39m\n  \u001b[36m/>\u001b[39m\n\n  Name \"Delete Orbit Systems\":\n  \u001b[36m<button\u001b[39m\n    \u001b[33maria-label\u001b[39m=\u001b[32m\"Delete Orbit Systems\"\u001b[39m\n    \u001b[33mclass\u001b[39m=\u001b[32m\"danger action-icon\"\u001b[39m\n    \u001b[33mtitle\u001b[39m=\u001b[32m\"Delete\"\u001b[39m\n  \u001b[36m/>\u001b[39m\n\n  Name \"Change status for Northstar Tech. Current status: interview\":\n  \u001b[36m<button\u001b[39m\n    \u001b[33maria-label\u001b[39m=\u001b[32m\"Change status for Northstar Tech. Current status: interview\"\u001b[39m\n    \u001b[33mclass\u001b[39m=\u001b[32m\"status-badge status-interview\"\u001b[39m\n    \u001b[33mtype\u001b[39m=\u001b[32m\"button\"\u001b[39m\n  \u001b[36m/>\u001b[39m\n\n  Name \"Show notes for Northstar Tech\":\n  \u001b[36m<button\u001b[39m\n    \u001b[33maria-label\u001b[39m=\u001b[32m\"Show notes for Northstar Tech\"\u001b[39m\n    \u001b[33mclass\u001b[39m=\u001b[32m\"notes-button \"\u001b[39m\n    \u001b[33mtype\u001b[39m=\u001b[32m\"button\"\u001b[39m\n  \u001b[36m/>\u001b[39m\n\n  Name \"Edit Northstar Tech\":\n  \u001b[36m<button\u001b[39m\n    \u001b[33maria-label\u001b[39m=\u001b[32m\"Edit Northstar Tech\"\u001b[39m\n    \u001b[33mclass\u001b[39m=\u001b[32m\"action-secondary action-icon\"\u001b[39m\n    \u001b[33mtitle\u001b[39m=\u001b[32m\"Edit\"\u001b[39m\n  \u001b[36m/>\u001b[39m\n\n  Name \"Reset status for Northstar Tech\":\n  \u001b[36m<button\u001b[39m\n    \u001b[33maria-label\u001b[39m=\u001b[32m\"Reset status for Northstar Tech\"\u001b[39m\n    \u001b[33mclass\u001b[39m=\u001b[32m\"action-reset action-icon\"\u001b[39m\n    \u001b[33mtitle\u001b[39m=\u001b[32m\"Reset status\"\u001b[39m\n  \u001b[36m/>\u001b[39m\n\n  Name \"Delete Northstar Tech\":\n  \u001b[36m<button\u001b[39m\n    \u001b[33maria-label\u001b[39m=\u001b[32m\"Delete Northstar Tech\"\u001b[39m\n    \u001b[33mclass\u001b[39m=\u001b[32m\"danger action-icon\"\u001b[39m\n    \u001b[33mtitle\u001b[39m=\u001b[32m\"Delete\"\u001b[39m\n  \u001b[36m/>\u001b[39m\n\n  Name \"Change status for PixelForge. Current status: todo\":\n  \u001b[36m<button\u001b[39m\n    \u001b[33maria-label\u001b[39m=\u001b[32m\"Change status for PixelForge. Current status: todo\"\u001b[39m\n    \u001b[33mclass\u001b[39m=\u001b[32m\"status-badge status-todo\"\u001b[39m\n    \u001b[33mtype\u001b[39m=\u001b[32m\"button\"\u001b[39m\n  \u001b[36m/>\u001b[39m\n\n  Name \"Edit PixelForge\":\n  \u001b[36m<button\u001b[39m\n    \u001b[33maria-label\u001b[39m=\u001b[32m\"Edit PixelForge\"\u001b[39m\n    \u001b[33mclass\u001b[39m=\u001b[32m\"action-secondary action-icon\"\u001b[39m\n    \u001b[33mtitle\u001b[39m=\u001b[32m\"Edit\"\u001b[39m\n  \u001b[36m/>\u001b[39m\n\n  Name \"Reset status for PixelForge\":\n  \u001b[36m<button\u001b[39m\n    \u001b[33maria-label\u001b[39m=\u001b[32m\"Reset status for PixelForge\"\u001b[39m\n    \u001b[33mclass\u001b[39m=\u001b[32m\"action-reset action-icon\"\u001b[39m\n    \u001b[33mtitle\u001b[39m=\u001b[32m\"Reset status\"\u001b[39m\n  \u001b[36m/>\u001b[39m\n\n  Name \"Delete PixelForge\":\n  \u001b[36m<button\u001b[39m\n    \u001b[33maria-label\u001b[39m=\u001b[32m\"Delete PixelForge\"\u001b[39m\n    \u001b[33mclass\u001b[39m=\u001b[32m\"danger action-icon\"\u001b[39m\n    \u001b[33mtitle\u001b[39m=\u001b[32m\"Delete\"\u001b[39m\n  \u001b[36m/>\u001b[39m\n\n  Name \"Change status for CloudNest. Current status: rejected\":\n  \u001b[36m<button\u001b[39m\n    \u001b[33maria-label\u001b[39m=\u001b[32m\"Change status for CloudNest. Current status: rejected\"\u001b[39m\n    \u001b[33mclass\u001b[39m=\u001b[32m\"status-badge status-rejected\"\u001b[39m\n    \u001b[33mtype\u001b[39m=\u001b[32m\"button\"\u001b[39m\n  \u001b[36m/>\u001b[39m\n\n  Name \"Show notes for CloudNest\":\n  \u001b[36m<button\u001b[39m\n    \u001b[33maria-label\u001b[39m=\u001b[32m\"Show notes for CloudNest\"\u001b[39m\n    \u001b[33mclass\u001b[39m=\u001b[32m\"notes-button \"\u001b[39m\n    \u001b[33mtype\u001b[39m=\u001b[32m\"button\"\u001b[39m\n  \u001b[36m/>\u001b[39m\n\n  Name \"Edit CloudNest\":\n  \u001b[36m<button\u001b[39m\n    \u001b[33maria-label\u001b[39m=\u001b[32m\"Edit CloudNest\"\u001b[39m\n    \u001b[33mclass\u001b[39m=\u001b[32m\"action-secondary action-icon\"\u001b[39m\n    \u001b[33mtitle\u001b[39m=\u001b[32m\"Edit\"\u001b[39m\n  \u001b[36m/>\u001b[39m\n\n  Name \"Reset status for CloudNest\":\n  \u001b[36m<button\u001b[39m\n    \u001b[33maria-label\u001b[39m=\u001b[32m\"Reset status for CloudNest\"\u001b[39m\n    \u001b[33mclass\u001b[39m=\u001b[32m\"action-reset action-icon\"\u001b[39m\n    \u001b[33mtitle\u001b[39m=\u001b[32m\"Reset status\"\u001b[39m\n  \u001b[36m/>\u001b[39m\n\n  Name \"Delete CloudNest\":\n  \u001b[36m<button\u001b[39m\n    \u001b[33maria-label\u001b[39m=\u001b[32m\"Delete CloudNest\"\u001b[39m\n    \u001b[33mclass\u001b[39m=\u001b[32m\"danger action-icon\"\u001b[39m\n    \u001b[33mtitle\u001b[39m=\u001b[32m\"Delete\"\u001b[39m\n  \u001b[36m/>\u001b[39m\n\n  Name \"Change status for BluePeak. Current status: applied\":\n  \u001b[36m<button\u001b[39m\n    \u001b[33maria-label\u001b[39m=\u001b[32m\"Change status for BluePeak. Current status: applied\"\u001b[39m\n    \u001b[33mclass\u001b[39m=\u001b[32m\"status-badge status-applied\"\u001b[39m\n    \u001b[33mtype\u001b[39m=\u001b[32m\"button\"\u001b[39m\n  \u001b[36m/>\u001b[39m\n\n  Name \"Edit BluePeak\":\n  \u001b[36m<button\u001b[39m\n    \u001b[33maria-label\u001b[39m=\u001b[32m\"Edit BluePeak\"\u001b[39m\n    \u001b[33mclass\u001b[39m=\u001b[32m\"action-secondary action-icon\"\u001b[39m\n    \u001b[33mtitle\u001b[39m=\u001b[32m\"Edit\"\u001b[39m\n  \u001b[36m/>\u001b[39m\n\n  Name \"Reset status for BluePeak\":\n  \u001b[36m<button\u001b[39m\n    \u001b[33maria-label\u001b[39m=\u001b[32m\"Reset status for BluePeak\"\u001b[39m\n    \u001b[33mclass\u001b[39m=\u001b[32m\"action-reset action-icon\"\u001b[39m\n    \u001b[33mtitle\u001b[39m=\u001b[32m\"Reset status\"\u001b[39m\n  \u001b[36m/>\u001b[39m\n\n  Name \"Delete BluePeak\":\n  \u001b[36m<button\u001b[39m\n    \u001b[33maria-label\u001b[39m=\u001b[32m\"Delete BluePeak\"\u001b[39m\n    \u001b[33mclass\u001b[39m=\u001b[32m\"danger action-icon\"\u001b[39m\n    \u001b[33mtitle\u001b[39m=\u001b[32m\"Delete\"\u001b[39m\n  \u001b[36m/>\u001b[39m\n\n  Name \"Change status for Horizon Labs. Current status: rejected\":\n  \u001b[36m<button\u001b[39m\n    \u001b[33maria-label\u001b[39m=\u001b[32m\"Change status for Horizon Labs. Current status: rejected\"\u001b[39m\n    \u001b[33mclass\u001b[39m=\u001b[32m\"status-badge status-rejected\"\u001b[39m\n    \u001b[33mtype\u001b[39m=\u001b[32m\"button\"\u001b[39m\n  \u001b[36m/>\u001b[39m\n\n  Name \"Show notes for Horizon Labs\":\n  \u001b[36m<button\u001b[39m\n    \u001b[33maria-label\u001b[39m=\u001b[32m\"Show notes for Horizon Labs\"\u001b[39m\n    \u001b[33mclass\u001b[39m=\u001b[32m\"notes-button \"\u001b[39m\n    \u001b[33mtype\u001b[39m=\u001b[32m\"button\"\u001b[39m\n  \u001b[36m/>\u001b[39m\n\n  Name \"Edit Horizon Labs\":\n  \u001b[36m<button\u001b[39m\n    \u001b[33maria-label\u001b[39m=\u001b[32m\"Edit Horizon Labs\"\u001b[39m\n    \u001b[33mclass\u001b[39m=\u001b[32m\"action-secondary action-icon\"\u001b[39m\n    \u001b[33mtitle\u001b[39m=\u001b[32m\"Edit\"\u001b[39m\n  \u001b[36m/>\u001b[39m\n\n  Name \"Reset status for Horizon Labs\":\n  \u001b[36m<button\u001b[39m\n    \u001b[33maria-label\u001b[39m=\u001b[32m\"Reset status for Horizon Labs\"\u001b[39m\n    \u001b[33mclass\u001b[39m=\u001b[32m\"action-reset action-icon\"\u001b[39m\n    \u001b[33mtitle\u001b[39m=\u001b[32m\"Reset status\"\u001b[39m\n  \u001b[36m/>\u001b[39m\n\n  Name \"Delete Horizon Labs\":\n  \u001b[36m<button\u001b[39m\n    \u001b[33maria-label\u001b[39m=\u001b[32m\"Delete Horizon Labs\"\u001b[39m\n    \u001b[33mclass\u001b[39m=\u001b[32m\"danger action-icon\"\u001b[39m\n    \u001b[33mtitle\u001b[39m=\u001b[32m\"Delete\"\u001b[39m\n  \u001b[36m/>\u001b[39m\n\n  Name \"Change status for Nova Digital. Current status: todo\":\n  \u001b[36m<button\u001b[39m\n    \u001b[33maria-label\u001b[39m=\u001b[32m\"Change status for Nova Digital. Current status: todo\"\u001b[39m\n    \u001b[33mclass\u001b[39m=\u001b[32m\"status-badge status-todo\"\u001b[39m\n    \u001b[33mtype\u001b[39m=\u001b[32m\"button\"\u001b[39m\n  \u001b[36m/>\u001b[39m\n\n  Name \"Edit\":\n  \u001b[36m<button\u001b[39m\n    \u001b[33mclass\u001b[39m=\u001b[32m\"action-secondary\"\u001b[39m\n  \u001b[36m/>\u001b[39m\n\n  Name \"Reset\":\n  \u001b[36m<button\u001b[39m\n    \u001b[33mclass\u001b[39m=\u001b[32m\"action-reset\"\u001b[39m\n  \u001b[36m/>\u001b[39m\n\n  Name \"Delete\":\n  \u001b[36m<button\u001b[39m\n    \u001b[33mclass\u001b[39m=\u001b[32m\"danger\"\u001b[39m\n  \u001b[36m/>\u001b[39m\n\n  Name \"Change status for Dream startup. Current status: applied\":\n  \u001b[36m<button\u001b[39m\n    \u001b[33maria-label\u001b[39m=\u001b[32m\"Change status for Dream startup. Current status: applied\"\u001b[39m\n    \u001b[33mclass\u001b[39m=\u001b[32m\"status-badge status-applied\"\u001b[39m\n    \u001b[33mtype\u001b[39m=\u001b[32m\"
[...]
add-application-trigger\"\u001b[39m\n                \u001b[33mtype\u001b[39m=\u001b[32m\"button\"\u001b[39m\n              \u001b[36m>\u001b[39m\n                \u001b[36m<svg\u001b[39m\n                  \u001b[33maria-hidden\u001b[39m=\u001b[32m\"true\"\u001b[39m\n                  \u001b[33mclass\u001b[39m=\u001b[32m\"lucide lucide-plus\"\u001b[39m\n                  \u001b[33mfill\u001b[39m=\u001b[32m\"none\"\u001b[39m\n                  \u001b[33mheight\u001b[39m=\u001b[32m\"17\"\u001b[39m\n                  \u001b[33mstroke\u001b[39m=\u001b[32m\"currentColor\"\u001b[39m\n                  \u001b[33mstroke-linecap\u001b[39m=\u001b[32m\"round\"\u001b[39m\n                  \u001b[33mstroke-linejoin\u001b[39m=\u001b[32m\"round\"\u001b[39m\n                  \u001b[33mstroke-width\u001b[39m=\u001b[32m\"2\"\u001b[39m\n                  \u001b[33mviewBox\u001b[39m=\u001b[32m\"0 0 24 24\"\u001b[39m\n                  \u001b[33mwidth\u001b[39m=\u001b[32m\"17\"\u001b[39m\n                  \u001b[33mxmlns\u001b[39m=\u001b[32m\"http://www.w3.org/2000/svg\"\u001b[39m\n                \u001b[36m>\u001b[39m\n                  \u001b[36m<path\u001b[39m\n                    \u001b[33md\u001b[39m=\u001b[32m\"M5 12h14\"\u001b[39m\n                  \u001b[36m/>\u001b[39m\n                  \u001b[36m<path\u001b[39m\n                    \u001b[33md\u001b[39m=\u001b[32m\"M12 5v14\"\u001b[39m\n                  \u001b[36m/>\u001b[39m\n                \u001b[36m</svg>\u001b[39m\n                \u001b[0mAdd application\u001b[0m\n              \u001b[36m</button>\u001b[39m\n            \u001b[36m</div>\u001b[39m\n            \u001b[36m<section\u001b[39m\n              \u001b[33mclass\u001b[39m=\u001b[32m\"tracker-toolbar\"\u001b[39m\n            \u001b[36m>\u001b[39m\n              \u001b[36m<div\u001b[39m\n                \u001b[33mclass\u001b[39m=\u001b[32m\"filters-group\"\u001b[39m\n              \u001b[36m>\u001b[39m\n                \u001b[36m<div\u001b[39m\n                  \u001b[33mclass\u001b[39m=\u001b[32m\"search-control\"\u001b[39m\n                \u001b[36m>\u001b[39m\n                  \u001b[36m<svg\u001b[39m\n                    \u001b[33maria-hidden\u001b[39m=\u001b[32m\"true\"\u001b[39m\n                    \u001b[33mclass\u001b[39m=\u001b[32m\"lucide lucide-search\"\u001b[39m\n                    \u001b[33mfill\u001b[39m=\u001b[32m\"none\"\u001b[39m\n                    \u001b[33mheight\u001b[39m=\u001b[32m\"18\"\u001b[39m\n                    \u001b[33mstroke\u001b[39m=\u001b[32m\"currentColor\"\u001b[39m\n                    \u001b[33mstroke-linecap\u001b[39m=\u001b[32m\"round\"\u001b[39m\n                    \u001b[33mstroke-linejoin\u001b[39m=\u001b[32m\"round\"\u001b[39m\n                    \u001b[33mstroke-width\u001b[39m=\u001b[32m\"2\"\u001b[39m\n                    \u001b[33mviewBox\u001b[39m=\u001b[32m\"0 0 24 24\"\u001b[39m\n                    \u001b[33mwidth\u001b[39m=\u001b[32m\"18\"\u001b[39m\n                    \u001b[33mxmlns\u001b[39m=\u001b[32m\"http://www.w3.org/2000/svg\"\u001b[39m\n                  \u001b[36m>\u001b[39m\n                    \u001b[36m<path\u001b[39m\n                      \u001b[33md\u001b[39m=\u001b[32m\"m21 21-4.34-4.34\"\u001b[39m\n                    \u001b[36m/>\u001b[39m\n                    \u001b[36m<circle\u001b[39m\n                      \u001b[33mcx\u001b[39m=\u001b[32m\"11\"\u001b[39m\n                      \u001b[33mcy\u001b[39m=\u001b[32m\"11\"\u001b[39m\n                      \u001b[33mr\u001b[39m=\u001b[32m\"8\"\u001b[39m\n                    \u001b[36m/>\u001b[39m\n                  \u001b[36m</svg>\u001b[39m\n                  \u001b[36m<input\u001b[39m\n                    \u001b[33maria-label\u001b[39m=\u001b[32m\"Search applications\"\u001b[39m\n                    \u001b[33mclass\u001b[39m=\u001b[32m\"search-input\"\u001b[39m\n                    \u001b[33mplaceholder\u001b[39m=\u001b[32m\"Search company or position...\"\u001b[39m\n                    \u001b[33mtype\u001b[39m=\u001b[32m\"text\"\u001b[39m\n                    \u001b[33mvalue\u001b[39m=\u001b[32m\"\"\u001b[39m\n                  \u001b[36m/>\u001b[39m\n                \u001b[36m</div>\u001b[39m\n                \u001b[36m<select\u001b[39m\n                  \u001b[33maria-label\u001b[39m=\u001b[32m\"Filter applications by status\"\u001b[39m\n                  \u001b[33mclass\u001b[39m=\u001b[32m\"status-filter\"\u001b[39m\n                \u001b[36m>\u001b[39m\n                  \u001b[36m<option\u001b[39m\n                    \u001b[33mvalue\u001b[39m=\u001b[32m\"all\"\u001b[39m\n                  \u001b[36m>\u001b[39m\n                    \u001b[0mAll statuses\u001b[0m\n                  \u001b[36m</option>\u001b[39m\n                  \u001b[36m<option\u001b[39m\n                    \u001b[33mvalue\u001b[39m=\u001b[32m\"todo\"\u001b[39m\n                  \u001b[36m>\u001b[39m\n                    \u001b[0mTodo\u001b[0m\n                  \u001b[36m</option>\u001b[39m\n                  \u001b[36m<option\u001b[39m\n                    \u001b[33mvalue\u001b[39m=\u001b[32m\"applied\"\u001b[39m\n                  \u001b[36m>\u001b[39m\n                    \u001b[0mApplied\u001b[0m\n                  \u001b[36m</option>\u001b[39m\n                  \u001b[36m<option\u001b[39m\n                    \u001b[33mvalue\u001b[39m=\u001b[32m\"interview\"\u001b[39m\n                  \u001b[36m>\u001b[39m\n                    \u001b[0mInterview\u001b[0m\n                  \u001b[36m</option>\u001b[39m\n                  \u001b[36m<option\u001b[39m\n                    \u001b[33mvalue\u001b[39m=\u001b[32m\"rejected\"\u001b[39m\n                  \u001b[36m>\u001b[39m\n                    \u001b[0mRejected\u001b[0m\n                  \u001b[36m</option>\u001b[39m\n                \u001b[36m</select>\u001b[39m\n                \u001b[36m<select\u001b[39m\n                  \u001b[33maria-label\u001b[39m=\u001b[32m\"Filter applications by follow-up\"\u001b[39m\n                  \u001b[33mclass\u001b[39m=\u001b[32m\"status-filter\"\u001b[39m\n                \u001b[36m>\u001b[39m\n                  \u001b[36m<option\u001b[39m\n                    \u001b[33mvalue\u001b[39m=\u001b[32m\"all\"\u001b[39m\n                  \u001b[36m>\u001b[39m\n                    \u001b[0mAll follow-ups\u001b[0m\n                  \u001b[36m</option>\u001b[39m\n                  \u001b[36m<option\u001b[39m\n                    \u001b[33mvalue\u001b[39m=\u001b[32m\"upcoming\"\u001b[39m\n                  \u001b[36m>\u001b[39m\n                    \u001b[0mUpcoming\u001b[0m\n                  \u001b[36m</option>\u001b[39m\n                  \u001b[36m<option\u001b[39m\n                    \u001b[33mvalue\u001b[39m=\u001b[32m\"today\"\u001b[39m\n                  \u001b[36m>\u001b[39m\n                    \u001b[0mToday\u001b[0m\n                  \u001b[36m</option>\u001b[39m\n                  \u001b[36m<option\u001b[39m\n                    \u001b[33mvalue\u001b[39m=\u001b[32m\"overdue\"\u001b[39m\n                  \u001b[36m>\u001b[39m\n                    \u001b[0mOverdue\u001b[0m\n                  \u001b[36m</option>\u001b[39m\n                  \u001b[36m<option\u001b[39m\n                    \u001b[33mvalue\u001b[39m=\u001b[32m\"no-date\"\u001b[39m\n                  \u001b[36m>\u001b[39m\n                    \u001b[0mNo date\u001b[0m\n                  \u001b[36m</option>\u001b[39m\n                \u001b[36m</select>\u001b[39m\n              \u001b[36m</div>\u001b[39m\n              \u001b[36m<div\u001b[39m\n                \u001b[33mclass\u001b[39m=\u001b[32m\"offers-counter\"\u001b[39m\n              \u001b[36m>\u001b[39m\n                \u001b[36m<div\u001b[39m\n                  \u001b[33mclass\u001b[39m=\u001b[32m\"counter-content\"\u001b[39m\n                \u001b[36m>\u001b[39m\n                  \u001b[36m<span>\u001b[39m\n                    \u001b[0mTotal applications\u001b[0m\n                  \u001b[36m</span>\u001b[39m\n                  \u001b[36m<strong>\u001b[39m\n                    \u001b[0m10\u001b[0m\n                  \u001b[36m</strong>\u001b[39m\n                \u001b[36m</div>\u001b[39m\n                \u001b[36m<span\u001b[39m\n                  \u001b[33maria-hidden\u001b[39m=\u001b[32m\"true\"\u001b[39m\n                  \u001b[33mclass\u001b[39m=\u001b[32m\"counter-icon\"\u001b[39m\n                \u001b[36m>\u001b[39m\n                  \u001b[36m<svg\u001b[39m\n                    \u001b[33maria-hidden\u001b[39m=\u001b[32m\"true\"\u001b[39m\n                    \u001b[33mclass\u001b[39m=\u001b[32m\"lucide lucide-chart-column\"\u001b[39m\n                    \u001b[33mfill\u001b[39m=\u001b[32m\"none\"\u001b[39m\n                    \u001b[33mheight\u001b[39m=\u001b[32m\"19\"\u001b[39m\n                    \u001b[33mstroke\u001b[39m=\u001b[32m\"currentColor\"\u001b[39m\n                    \u001b[33mstroke-linecap\u001b[39m=\u001b[32m\"round\"\u001b[39m\n                    \u001b[33mstroke-linejoin\u001b[39m=\u001b[32m\"round\"\u001b[39m\n                    \u001b[33mstroke-width\u001b[39m=\u001b[32m\"2\"\u001b[39m\n                    \u001b[33mviewBox\u001b[39m=\u001b[32m\"0 0 24 24\"\u001b[39m\n                    \u001b[33...\n\n    \u001b[0m \u001b[90m 141 |\u001b[39m   )\u001b[33m;\u001b[39m\n     \u001b[90m 142 |\u001b[39m\n    \u001b[31m\u001b[1m>\u001b[22m\u001b[39m\u001b[90m 143 |\u001b[39m   expect(screen\u001b[33m.\u001b[39mgetAllByText(\u001b[32m\"Nova Digital\"\u001b[39m))\u001b[33m.\u001b[39mtoHaveLength(\u001b[35m2\u001b[39m)\u001b[33m;\u001b[39m\n     \u001b[90m     |\u001b[39m                                               \u001b[31m\u001b[1m^\u001b[22m\u001b[39m\n     \u001b[90m 144 |\u001b[39m   expect(screen\u001b[33m.\u001b[39mqueryByText(\u001b[32m\"Dream startup\"\u001b[39m))\u001b[33m.\u001b[39mnot\u001b[33m.\u001b[39mtoBeInTheDocument()\u001b[33m;\u001b[39m\n     \u001b[90m 145 |\u001b[39m   expect(screen\u001b[33m.\u001b[39mqueryByText(\u001b[32m\"Tech agency\"\u001b[39m))\u001b[33m.\u001b[39mnot\u001b[33m.\u001b[39mtoBeInTheDocument()\u001b[33m;\u001b[39m\n     \u001b[90m 146 |\u001b[39m })\u001b[33m;\u001b[39m\u001b[0m\n\n      at Object.getElementError (node_modules/@testing-library/dom/dist/config.js:37:19)\n      at getAllByLabelText (node_modules/@testing-library/dom/dist/queries/label-text.js:111:38)\n      at node_modules/@testing-library/dom/dist/query-helpers.js:52:17\n      at node_modules/@testing-library/dom/dist/query-helpers.js:95:19\n      at Object.<anonymous> (src/app/page.test.tsx:143:47)\n","name":"C:\\Users\\ASUS-16\\Documents\\projets\\job-tracker\\src\\app\\page.test.tsx","startTime":1788364962547,"status":"failed","summary":""},{"assertionResults":[{"ancestorTitles":["JobTable"],"duration":20,"failing":false,"failureDetails":[],"failureMessages":[],"fullName":"JobTable displays all applications in desktop and mobile layouts","invocations":1,"location":null,"numPassingAsserts":2,"retryReasons":[],"startAt":1788364964233,"status":"passed","title":"displays all applications in desktop and mobile layouts"},{"ancestorTitles":["JobTable"],"duration":40,"failing":false,"failureDetails":[],"failureMessages":[],"fullName":"JobTable sorts applications when a column header is clicked","invocations":1,"location":null,"numPassingAsserts":2,"retryReasons":[],"startAt":1788364964253,"status":"passed","title":"sorts applications when a column header is clicked"},{"ancestorTitles":["JobTable"],"duration":20,"failing":false,"failureDetails":[],"failureMessages":[],"fullName":"JobTable sorts applications by follow-up date","invocations":1,"location":null,"numPassingAsserts":2,"retryReasons":[],"startAt":1788364964293,"status":"passed","title":"sorts applications by follow-up date"}],"endTime":1788364964314,"message":"","name":"C:\\Users\\ASUS-16\\Documents\\projets\\job-tracker\\src\\components\\JobTable.test.tsx","startTime":1788364964158,"status":"passed","summary":""},{"assertionResults":[{"ancestorTitles":["JobRow"],"duration":11,"failing":false,"failureDetails":[],"failureMessages":[],"fullName":"JobRow displays the application information","invocations":1,"location":null,"numPassingAsserts":4,"retryReasons":[],"startAt":1788364964380,"status":"passed","title":"displays the application information"},{"ancestorTitles":["JobRow"],"duration":7,"failing":false,"failureDetails":[],"failureMessages":[],"fullName":"JobRow starts editing the application","invocations":1,"location":null,"numPassingAsserts":1,"retryReasons":[],"startAt":1788364964391,"status":"passed","title":"starts editing the application"},{"ancestorTitles":["JobRow"],"duration":6,"failing":false,"failureDetails":[],"failureMessages":[],"fullName":"JobRow updates the company field","invocations":1,"location":null,"numPassingAsserts":1,"retryReasons":[],"startAt":1788364964398,"status":"passed","title":"updates the company field"},{"ancestorTitles":["JobRow"],"duration":5,"failing":false,"failureDetails":[],"failureMessages":[],"fullName":"JobRow updates the position field","invocations":1,"location":null,"numPassingAsserts":1,"retryReasons":[],"startAt":1788364964405,"status":"passed","title":"updates the position field"},{"ancestorTitles":["JobRow"],"duration":12,"failing":false,"failureDetails":[],"failureMessages":[],"fullName":"JobRow updates the offer URL field","invocations":1,"location":null,"numPassingAsserts":1,"retryReasons":[],"startAt":1788364964411,"status":"passed","title":"updates the offer URL field"},{"ancestorTitles":["JobRow"],"duration":6,"failing":false,"failureDetails":[],"failureMessages":[],"fullName":"JobRow changes the application status","invocations":1,"location":null,"numPassingAsserts":1,"retryReasons":[],"startAt":1788364964423,"status":"passed","title":"changes the application status"},{"ancestorTitles":["JobRow"],"duration":5,"failing":false,"failureDetails":[],"failureMessages":[],"fullName":"JobRow resets the application status","invocations":1,"location":null,"numPassingAsserts":1,"retryReasons":[],"startAt":1788364964430,"status":"passed","title":"resets the application status"},{"ancestorTitles":["JobRow"],"duration":6,"failing":false,"failureDetails":[],"failureMessages":[],"fullName":"JobRow deletes the application after confirmation","invocations":1,"location":null,"numPassingAsserts":2,"retryReasons":[],"startAt":1788364964435,"status":"passed","title":"deletes the application after confirmation"},{"ancestorTitles":["JobRow"],"duration":6,"failing":false,"failureDetails":[],"failureMessages":[],"fullName":"JobRow does not delete the application when confirmation is cancelled","invocations":1,"location":null,"numPassingAsserts":2,"retryReasons":[],"startAt":1788364964441,"status":"passed","title":"does not delete the application when confirmation is cancelled"},{"ancestorTitles":[],"duration":4,"failing":false,"failureDetails":[],"failureMessages":[],"fullName":"updates the follow-up date","invocations":1,"location":null,"numPassingAsserts":1,"retryReasons":[],"startAt":1788364964447,"status":"passed","title":"updates the follow-up date"},{"ancestorTitles":[],"duration":4,"failing":false,"failureDetails":[],"failureMessages":[],"fullName":"updates the notes field","invocations":1,"location":null,"numPassingAsserts":1,"retryReasons":[],"startAt":1788364964452,"status":"passed","title":"updates the notes field"}],"endTime":1788364964457,"message":"","name":"C:\\Users\\ASUS-16\\Documents\\projets\\job-tracker\\src\\components\\JobRow.test.tsx","startTime":1788364964321,"status":"passed","summary":""},{"assertionResults":[{"ancestorTitles":["JobCard"],"duration":9,"failing":false,"failureDetails":[],"failureMessages":[],"fullName":"JobCard displays the application information","invocations":1,"location":null,"numPassingAsserts":4,"retryReasons":[],"startAt":1788364964522,"status":"passed","title":"displays the application information"},{"ancestorTitles":["JobCard"],"duration":6,"failing":false,"failureDetails":[],"failureMessages":[],"fullName":"JobCard starts editing the application","invocations":1,"location":null,"numPassingAsserts":1,"retryReasons":[],"startAt":1788364964531,"status":"passed","title":"starts editing the application"},{"ancestorTitles":["JobCard"],"duration":6,"failing":false,"failureDetails":[],"failureMessages":[],"fullName":"JobCard updates the company field","invocations":1,"location":null,"numPassingAsserts":1,"retryReasons":[],"startAt":1788364964537,"status":"passed","title":"updates the company field"},{"ancestorTitles":["JobCard"],"duration":4,"failing":false,"failureDetails":[],"failureMessages":[],"fullName":"JobCard updates the position field","invocations":1,"location":null,"numPassingAsserts":1,"retryReasons":[],"startAt":1788364964543,"status":"passed","title":"updates the position field"},{"ancestorTitles":["JobCard"],"duration":5,"failing":false,"failureDetails":[],"failureMessages":[],"fullName":"JobCard updates the offer URL field","invocations":1,"location":null,"numPassingAsserts":1,"retryReasons":[],"startAt":1788364964547,"status":"passed","title":"updates the offer URL field"},{"ancestorTitles":["JobCard"],"duration":4,"failing":false,"failureDetails":[],"failureMessages":[],"fullName":"JobCard stops editing the application","invocations":1,"location":null,"numPassingAsserts":1,"retryReasons":[],"startAt":1788364964552,"status":"passed","title":"stops editing the application"}],"endTime":1788364964557,"message":"","name":"C:\\Users\\ASUS-16\\Documents\\projets\\job-tracker\\src\\components\\JobCard.test.tsx","startTime":1788364964463,"status":"passed","summary":""},{"assertionResults":[{"ancestorTitles":["storage"],"duration":0,"failing":false,"failureDetails":[],"failureMessages":[],"fullName":"storage returns an empty array when localStorage is empty","invocations":1,"location":null,"numPassingAsserts":1,"retryReasons":[],"startAt":1788364964618,"status":"passed","title":"returns an empty array when localStorage is empty"},{"ancestorTitles":["storage"],"duration":0,"failing":false,"failureDetails":[],"failureMessages":[],"fullName":"storage loads saved applications from localStorage","invocations":1,"location":null,"numPassingAsserts":1,"retryReasons":[],"startAt":1788364964618,"status":"passed","title":"loads saved applications from localStorage"},{"ancestorTitles":["storage"],"duration":0,"failing":false,"failureDetails":[],"failureMessages":[],"fullName":"storage saves applications to localStorage","invocations":1,"location":null,"numPassingAsserts":1,"retryReasons":[],"startAt":1788364964619,"status":"passed","title":"saves applications to localStorage"}],"endTime":1788364964619,"message":"","name":"C:\\Users\\ASUS-16\\Documents\\projets\\job-tracker\\src\\lib\\storage.test.ts","startTime":1788364964569,"status":"passed","summary":""},{"assertionResults":[{"ancestorTitles":[],"duration":0,"failing":false,"failureDetails":[],"failureMessages":[],"fullName":"returns overdue for a past follow-up date","invocations":1,"location":null,"numPassingAsserts":1,"retryReasons":[],"startAt":1788364964673,"status":"passed","title":"returns overdue for a past follow-up date"},{"ancestorTitles":[],"duration":0,"failing":false,"failureDetails":[],"failureMessages":[],"fullName":"returns today for today's follow-up date","invocations":1,"location":null,"numPassingAsserts":1,"retryReasons":[],"startAt":1788364964673,"status":"passed","title":"returns today for today's follow-up date"},{"ancestorTitles":[],"duration":1,"failing":false,"failureDetails":[],"failureMessages":[],"fullName":"returns upcoming for a future follow-up date","invocations":1,"location":null,"numPassingAsserts":1,"retryReasons":[],"startAt":1788364964673,"status":"passed","title":"returns upcoming for a future follow-up date"}],"endTime":1788364964674,"message":"","name":"C:\\Users\\ASUS-16\\Documents\\projets\\job-tracker\\src\\lib\\followUp.test.ts","startTime":1788364964625,"status":"passed","summary":""}],"wasInterrupted":false}
