{"numFailedTestSuites":1,"numFailedTests":1,"numPassedTestSuites":0,"numPassedTests":2,"numPendingTestSuites":0,"numPendingTests":0,"numRuntimeErrorTestSuites":0,"numTodoTests":0,"numTotalTestSuites":1,"numTotalTests":3,"openHandles":[],"snapshot":{"added":0,"didUpdate":false,"failure":false,"filesAdded":0,"filesRemoved":0,"filesRemovedList":[],"filesUnmatched":0,"filesUpdated":0,"matched":0,"total":0,"unchecked":0,"uncheckedKeysByFile":[],"unmatched":0,"updated":0},"startTime":1788164964262,"success":false,"testResults":[{"assertionResults":[{"ancestorTitles":["JobTable"],"duration":43,"failing":false,"failureDetails":[],"failureMessages":[],"fullName":"JobTable displays all applications in desktop and mobile layouts","invocations":1,"location":null,"numPassingAsserts":2,"retryReasons":[],"startAt":1788164964968,"status":"passed","title":"displays all applications in desktop and mobile layouts"},{"ancestorTitles":["JobTable"],"duration":53,"failing":false,"failureDetails":[{"name":"TestingLibraryElementError"}],"failureMessages":["TestingLibraryElementError: Unable to find an element with the text: Tech Agency. This could be because the text is broken up by multiple elements. In this case, you can provide a function for your text matcher to make your matcher more flexible.\n\nIgnored nodes: comments, script, style\n\u001b[36m<tr>\u001b[39m\n  \u001b[36m<td\u001b[39m\n    \u001b[33mclass\u001b[39m=\u001b[32m\"center\"\u001b[39m\n  \u001b[36m>\u001b[39m\n    \u001b[0mNova Digital\u001b[0m\n  \u001b[36m</td>\u001b[39m\n  \u001b[36m<td\u001b[39m\n    \u001b[33mclass\u001b[39m=\u001b[32m\"center\"\u001b[39m\n  \u001b[36m>\u001b[39m\n    \u001b[0mFrontend Developer\u001b[0m\n  \u001b[36m</td>\u001b[39m\n  \u001b[36m<td\u001b[39m\n    \u001b[33mclass\u001b[39m=\u001b[32m\"center status-cell\"\u001b[39m\n  \u001b[36m>\u001b[39m\n    \u001b[36m<button\u001b[39m\n      \u001b[33maria-label\u001b[39m=\u001b[32m\"Change status for Nova Digital. Current status: todo\"\u001b[39m\n      \u001b[33mclass\u001b[39m=\u001b[32m\"status-badge status-todo\"\u001b[39m\n      \u001b[33mtype\u001b[39m=\u001b[32m\"button\"\u001b[39m\n    \u001b[36m>\u001b[39m\n      \u001b[0mtodo\u001b[0m\n    \u001b[36m</button>\u001b[39m\n  \u001b[36m</td>\u001b[39m\n  \u001b[36m<td\u001b[39m\n    \u001b[33mclass\u001b[39m=\u001b[32m\"center date-cell\"\u001b[39m\n  \u001b[36m>\u001b[39m\n    \u001b[0m03/02/2026\u001b[0m\n  \u001b[36m</td>\u001b[39m\n  \u001b[36m<td\u001b[39m\n    \u001b[33mclass\u001b[39m=\u001b[32m\"center date-cell\"\u001b[39m\n  \u001b[36m>\u001b[39m\n    \u001b[36m<span\u001b[39m\n      \u001b[33mclass\u001b[39m=\u001b[32m\"follow-up-badge follow-up-overdue\"\u001b[39m\n    \u001b[36m>\u001b[39m\n      \u001b[0m10/03/2026\u001b[0m\n    \u001b[36m</span>\u001b[39m\n  \u001b[36m</td>\u001b[39m\n  \u001b[36m<td\u001b[39m\n    \u001b[33mclass\u001b[39m=\u001b[32m\"center\"\u001b[39m\n  \u001b[36m>\u001b[39m\n    \u001b[36m<span\u001b[39m\n      \u001b[33mclass\u001b[39m=\u001b[32m\"empty-value\"\u001b[39m\n    \u001b[36m>\u001b[39m\n      \u001b[0mNo notes\u001b[0m\n    \u001b[36m</span>\u001b[39m\n  \u001b[36m</td>\u001b[39m\n  \u001b[36m<td\u001b[39m\n    \u001b[33mclass\u001b[39m=\u001b[32m\"center\"\u001b[39m\n  \u001b[36m>\u001b[39m\n    \u001b[36m<a\u001b[39m\n      \u001b[33mhref\u001b[39m=\u001b[32m\"https://example.com/job-1\"\u001b[39m\n      \u001b[33mrel\u001b[39m=\u001b[32m\"noopener noreferrer\"\u001b[39m\n      \u001b[33mtarget\u001b[39m=\u001b[32m\"_blank\"\u001b[39m\n    \u001b[36m>\u001b[39m\n      \u001b[0mView\u001b[0m\n    \u001b[36m</a>\u001b[39m\n  \u001b[36m</td>\u001b[39m\n  \u001b[36m<td\u001b[39m\n    \u001b[33mclass\u001b[39m=\u001b[32m\"center actions\"\u001b[39m\n  \u001b[36m>\u001b[39m\n    \u001b[36m<div\u001b[39m\n      \u001b[33mclass\u001b[39m=\u001b[32m\"action-wrapper\"\u001b[39m\n    \u001b[36m>\u001b[39m\n      \u001b[36m<button\u001b[39m\n        \u001b[33mclass\u001b[39m=\u001b[32m\"action-secondary\"\u001b[39m\n      \u001b[36m>\u001b[39m\n        \u001b[0mEdit\u001b[0m\n      \u001b[36m</button>\u001b[39m\n      \u001b[36m<button\u001b[39m\n        \u001b[33mclass\u001b[39m=\u001b[32m\"action-reset\"\u001b[39m\n      \u001b[36m>\u001b[39m\n        \u001b[0mReset\u001b[0m\n      \u001b[36m</button>\u001b[39m\n      \u001b[36m<button\u001b[39m\n        \u001b[33mclass\u001b[39m=\u001b[32m\"danger\"\u001b[39m\n      \u001b[36m>\u001b[39m\n        \u001b[0mDelete\u001b[0m\n      \u001b[36m</button>\u001b[39m\n    \u001b[36m</div>\u001b[39m\n  \u001b[36m</td>\u001b[39m\n\u001b[36m</tr>\u001b[39m\n    at Object.getElementError (C:\\Users\\ASUS-16\\Documents\\projets\\job-tracker\\node_modules\\@testing-library\\dom\\dist\\config.js:37:19)\n    at C:\\Users\\ASUS-16\\Documents\\projets\\job-tracker\\node_modules\\@testing-library\\dom\\dist\\query-helpers.js:76:38\n    at C:\\Users\\ASUS-16\\Documents\\projets\\job-tracker\\node_modules\\@testing-library\\dom\\dist\\query-helpers.js:52:17\n    at C:\\Users\\ASUS-16\\Documents\\projets\\job-tracker\\node_modules\\@testing-library\\dom\\dist\\query-helpers.js:95:19\n    at Object.getByText (C:\\Users\\ASUS-16\\Documents\\projets\\job-tracker\\src\\components\\JobTable.test.tsx:68:28)\n    at Promise.finally.completed (C:\\Users\\ASUS-16\\Documents\\projets\\job-tracker\\node_modules\\jest-circus\\build\\jestAdapterInit.js:1561:28)\n    at new Promise (<anonymous>)\n    at callAsyncCircusFn (C:\\Users\\ASUS-16\\Documents\\projets\\job-tracker\\node_modules\\jest-circus\\build\\jestAdapterInit.js:1501:10)\n    at _callCircusTest (C:\\Users\\ASUS-16\\Documents\\projets\\job-tracker\\node_modules\\jest-circus\\build\\jestAdapterInit.js:1011:40)\n    at _runTest (C:\\Users\\ASUS-16\\Documents\\projets\\job-tracker\\node_modules\\jest-circus\\build\\jestAdapterInit.js:951:3)\n    at C:\\Users\\ASUS-16\\Documents\\projets\\job-tracker\\node_modules\\jest-circus\\build\\jestAdapterInit.js:853:7\n    at _runTestsForDescribeBlock (C:\\Users\\ASUS-16\\Documents\\projets\\job-tracker\\node_modules\\jest-circus\\build\\jestAdapterInit.js:866:11)\n    at _runTestsForDescribeBlock (C:\\Users\\ASUS-16\\Documents\\projets\\job-tracker\\node_modules\\jest-circus\\build\\jestAdapterInit.js:861:11)\n    at run (C:\\Users\\ASUS-16\\Documents\\projets\\job-tracker\\node_modules\\jest-circus\\build\\jestAdapterInit.js:765:3)\n    at runAndTransformResultsToJestFormat (C:\\Users\\ASUS-16\\Documents\\projets\\job-tracker\\node_modules\\jest-circus\\build\\jestAdapterInit.js:1993:21)\n    at jestAdapter (C:\\Users\\ASUS-16\\Documents\\projets\\job-tracker\\node_modules\\jest-circus\\build\\runner.js:111:19)\n    at runTestInternal (C:\\Users\\ASUS-16\\Documents\\projets\\job-tracker\\node_modules\\jest-runner\\build\\index.js:276:16)\n    at runTest (C:\\Users\\ASUS-16\\Documents\\projets\\job-tracker\\node_modules\\jest-runner\\build\\index.js:344:7)"],"fullName":"JobTable sorts applications when a column header is clicked","invocations":1,"location":null,"numPassingAsserts":0,"retryReasons":[],"startAt":1788164965012,"status":"failed","title":"sorts applications when a column header is clicked"},{"ancestorTitles":["JobTable"],"duration":22,"failing":false,"failureDetails":[],"failureMessages":[],"fullName":"JobTable sorts applications by follow-up date","invocations":1,"location":null,"numPassingAsserts":2,"retryReasons":[],"startAt":1788164965069,"status":"passed","title":"sorts applications by follow-up date"}],"endTime":1788164965101,"message":"  ● JobTable › sorts applications when a column header is clicked\n\n    TestingLibraryElementError: Unable to find an element with the text: Tech Agency. This could be because the text is broken up by multiple elements. In this case, you can provide a function for your text matcher to make your matcher more flexible.\n\n    Ignored nodes: comments, script, style\n    \u001b[36m<tr>\u001b[39m\n      \u001b[36m<td\u001b[39m\n        \u001b[33mclass\u001b[39m=\u001b[32m\"center\"\u001b[39m\n      \u001b[36m>\u001b[39m\n        \u001b[0mNova Digital\u001b[0m\n      \u001b[36m</td>\u001b[39m\n      \u001b[36m<td\u001b[39m\n        \u001b[33mclass\u001b[39m=\u001b[32m\"center\"\u001b[39m\n      \u001b[36m>\u001b[39m\n        \u001b[0mFrontend Developer\u001b[0m\n      \u001b[36m</td>\u001b[39m\n      \u001b[36m<td\u001b[39m\n        \u001b[33mclass\u001b[39m=\u001b[32m\"center status-cell\"\u001b[39m\n      \u001b[36m>\u001b[39m\n        \u001b[36m<button\u001b[39m\n          \u001b[33maria-label\u001b[39m=\u001b[32m\"Change status for Nova Digital. Current status: todo\"\u001b[39m\n          \u001b[33mclass\u001b[39m=\u001b[32m\"status-badge status-todo\"\u001b[39m\n          \u001b[33mtype\u001b[39m=\u001b[32m\"button\"\u001b[39m\n        \u001b[36m>\u001b[39m\n          \u001b[0mtodo\u001b[0m\n        \u001b[36m</button>\u001b[39m\n      \u001b[36m</td>\u001b[39m\n      \u001b[36m<td\u001b[39m\n        \u001b[33mclass\u001b[39m=\u001b[32m\"center date-cell\"\u001b[39m\n      \u001b[36m>\u001b[39m\n        \u001b[0m03/02/2026\u001b[0m\n      \u001b[36m</td>\u001b[39m\n      \u001b[36m<td\u001b[39m\n        \u001b[33mclass\u001b[39m=\u001b[32m\"center date-cell\"\u001b[39m\n      \u001b[36m>\u001b[39m\n        \u001b[36m<span\u001b[39m\n          \u001b[33mclass\u001b[39m=\u001b[32m\"follow-up-badge follow-up-overdue\"\u001b[39m\n        \u001b[36m>\u001b[39m\n          \u001b[0m10/03/2026\u001b[0m\n        \u001b[36m</span>\u001b[39m\n      \u001b[36m</td>\u001b[39m\n      \u001b[36m<td\u001b[39m\n        \u001b[33mclass\u001b[39m=\u001b[32m\"center\"\u001b[39m\n      \u001b[36m>\u001b[39m\n        \u001b[36m<span\u001b[39m\n          \u001b[33mclass\u001b[39m=\u001b[32m\"empty-value\"\u001b[39m\n        \u001b[36m>\u001b[39m\n          \u001b[0mNo notes\u001b[0m\n        \u001b[36m</span>\u001b[39m\n      \u001b[36m</td>\u001b[39m\n      \u001b[36m<td\u001b[39m\n        \u001b[33mclass\u001b[39m=\u001b[32m\"center\"\u001b[39m\n      \u001b[36m>\u001b[39m\n        \u001b[36m<a\u001b[39m\n          \u001b[33mhref\u001b[39m=\u001b[32m\"https://example.com/job-1\"\u001b[39m\n          \u001b[33mrel\u001b[39m=\u001b[32m\"noopener noreferrer\"\u001b[39m\n          \u001b[33mtarget\u001b[39m=\u001b[32m\"_blank\"\u001b[39m\n        \u001b[36m>\u001b[39m\n          \u001b[0mView\u001b[0m\n        \u001b[36m</a>\u001b[39m\n      \u001b[36m</td>\u001b[39m\n      \u001b[36m<td\u001b[39m\n        \u001b[33mclass\u001b[39m=\u001b[32m\"center actions\"\u001b[39m\n      \u001b[36m>\u001b[39m\n        \u001b[36m<div\u001b[39m\n          \u001b[33mclass\u001b[39m=\u001b[32m\"action-wrapper\"\u001b[39m\n        \u001b[36m>\u001b[39m\n          \u001b[36m<button\u001b[39m\n            \u001b[33mclass\u001b[39m=\u001b[32m\"action-secondary\"\u001b[39m\n          \u001b[36m>\u001b[39m\n            \u001b[0mEdit\u001b[0m\n          \u001b[36m</button>\u001b[39m\n          \u001b[36m<button\u001b[39m\n            \u001b[33mclass\u001b[39m=\u001b[32m\"action-reset\"\u001b[39m\n          \u001b[36m>\u001b[39m\n            \u001b[0mReset\u001b[0m\n          \u001b[36m</button>\u001b[39m\n          \u001b[36m<button\u001b[39m\n            \u001b[33mclass\u001b[39m=\u001b[32m\"danger\"\u001b[39m\n          \u001b[36m>\u001b[39m\n            \u001b[0mDelete\u001b[0m\n          \u001b[36m</button>\u001b[39m\n        \u001b[36m</div>\u001b[39m\n      \u001b[36m</td>\u001b[39m\n    \u001b[36m</tr>\u001b[39m\n\n    \u001b[0m \u001b[90m 66 |\u001b[39m     \u001b[36mconst\u001b[39m rows \u001b[33m=\u001b[39m within(table)\u001b[33m.\u001b[39mgetAllByRole(\u001b[32m\"row\"\u001b[39m)\u001b[33m;\u001b[39m\n     \u001b[90m 67 |\u001b[39m\n    \u001b[31m\u001b[1m>\u001b[22m\u001b[39m\u001b[90m 68 |\u001b[39m     expect(within(rows[\u001b[35m1\u001b[39m])\u001b[33m.\u001b[39mgetByText(\u001b[32m\"Tech Agency\"\u001b[39m))\u001b[33m.\u001b[39mtoBeInTheDocument()\u001b[33m;\u001b[39m\n     \u001b[90m    |\u001b[39m                            \u001b[31m\u001b[1m^\u001b[22m\u001b[39m\n     \u001b[90m 69 |\u001b[39m     expect(within(rows[\u001b[35m2\u001b[39m])\u001b[33m.\u001b[39mgetByText(\u001b[32m\"Nova Digital\"\u001b[39m))\u001b[33m.\u001b[39mtoBeInTheDocument()\u001b[33m;\u001b[39m\n     \u001b[90m 70 |\u001b[39m   })\u001b[33m;\u001b[39m\n     \u001b[90m 71 |\u001b[39m\u001b[0m\n\n      at Object.getElementError (node_modules/@testing-library/dom/dist/config.js:37:19)\n      at node_modules/@testing-library/dom/dist/query-helpers.js:76:38\n      at node_modules/@testing-library/dom/dist/query-helpers.js:52:17\n      at node_modules/@testing-library/dom/dist/query-helpers.js:95:19\n      at Object.getByText (src/components/JobTable.test.tsx:68:28)\n","name":"C:\\Users\\ASUS-16\\Documents\\projets\\job-tracker\\src\\components\\JobTable.test.tsx","startTime":1788164964589,"status":"failed","summary":""}],"wasInterrupted":false}
